#
# A fatal error has been detected by the Java Runtime Environment:
#
#  SIGSEGV (0xb) at pc=0x00007f53bd3d36b0, pid=68333, tid=68476
#
# JRE version: Java(TM) SE Runtime Environment (14.0.1+7) (build 14.0.1+7)
# Java VM: Java HotSpot(TM) 64-Bit Server VM (14.0.1+7, mixed mode, sharing, tiered, compressed oops, g1 gc, linux-amd64)
# Problematic frame:
# V  [libjvm.so+0x6716b0]  G1PrepareEvacuationTask::G1PrepareRegionsClosure::do_heap_region(HeapRegion*)+0x40
#
# Core dump will be written. Default location: Core dumps may be processed with "/usr/lib/systemd/systemd-coredump %P %u %g %s %t %c %h" (or dumping to /home/roderick/scrapbook/scala/mandelbrot-generator/core.68333)
#
# If you would like to submit a bug report, please visit:
#   https://bugreport.java.com/bugreport/crash.jsp
#

---------------  S U M M A R Y ------------

Command Line: -Dfile.encoding=UTF-8 -Xms1024m -Xmx1024m -Xss4M -XX:ReservedCodeCacheSize=128m -Dscala.ext.dirs=/home/roderick/.sbt/0.13/java9-rt-ext-oracle_corporation_14_0_1 /usr/share/sbt/bin/sbt-launch.jar

Host: Intel(R) Core(TM) i5-8265U CPU @ 1.60GHz, 8 cores, 7G, Fedora release 34 (Thirty Four)
Time: Tue Jul 27 23:29:41 2021 BST elapsed time: 12120 seconds (0d 3h 22m 0s)

---------------  T H R E A D  ---------------

Current thread (0x00007f538c012000):  GCTaskThread "GC Thread#7" [stack: 0x00007f533b1f5000,0x00007f533b2f5000] [id=68476]

Stack: [0x00007f533b1f5000,0x00007f533b2f5000],  sp=0x00007f533b2f3cb0,  free space=1019k
Native frames: (J=compiled Java code, A=aot compiled Java code, j=interpreted, Vv=VM code, C=native code)
V  [libjvm.so+0x6716b0]  G1PrepareEvacuationTask::G1PrepareRegionsClosure::do_heap_region(HeapRegion*)+0x40
V  [libjvm.so+0x742f83]  HeapRegionManager::par_iterate(HeapRegionClosure*, HeapRegionClaimer*, unsigned int) const+0x93
V  [libjvm.so+0x671504]  G1PrepareEvacuationTask::work(unsigned int)+0x54
V  [libjvm.so+0xd5b40d]  GangWorker::loop()+0x4d
V  [libjvm.so+0xcc750d]  Thread::call_run()+0x10d
V  [libjvm.so+0xb24ba7]  thread_native_entry(Thread*)+0xe7


siginfo: si_signo: 11 (SIGSEGV), si_code: 1 (SEGV_MAPERR), si_addr: 0x0000000000000128

Register to memory mapping:

RAX=0x00007f53b8037790 points into unknown readable memory: f8 b4 e0 bd 53 7f 00 00
RBX=0x00007f53b80e13d0 points into unknown readable memory: 00 00 00 00 00 00 00 00
RCX=0x0 is NULL
RDX=0x0 is NULL
RSP=0x00007f533b2f3cb0 points into unknown readable memory: 20 3d 2f 3b 53 7f 00 00
RBP=0x00007f533b2f3cd0 points into unknown readable memory: 20 3d 2f 3b 53 7f 00 00
RSI=0x00007f53b80e13d0 points into unknown readable memory: 00 00 00 00 00 00 00 00
RDI=0x00007f53b80537e0 points into unknown readable memory: 40 38 05 b8 53 7f 00 00
R8 =0x00007f5394ff4540 points into unknown readable memory: 08 00 00 00 00 04 00 00
R9 =0x00007f533b2f3d30 points into unknown readable memory: 40 c1 d7 bd 53 7f 00 00
R10=0x0004000000000000 is an unknown value
R11=0x0000000000000246 is an unknown value
R12=0x00007f533b2f3d30 points into unknown readable memory: 40 c1 d7 bd 53 7f 00 00
R13=0x00007f53b804f5b0 points into unknown readable memory: 70 df d7 bd 53 7f 00 00
R14=0x0000000000000001 is an unknown value
R15=0x0000000000000680 is an unknown value


Registers:
RAX=0x00007f53b8037790, RBX=0x00007f53b80e13d0, RCX=0x0000000000000000, RDX=0x0000000000000000
RSP=0x00007f533b2f3cb0, RBP=0x00007f533b2f3cd0, RSI=0x00007f53b80e13d0, RDI=0x00007f53b80537e0
R8 =0x00007f5394ff4540, R9 =0x00007f533b2f3d30, R10=0x0004000000000000, R11=0x0000000000000246
R12=0x00007f533b2f3d30, R13=0x00007f53b804f5b0, R14=0x0000000000000001, R15=0x0000000000000680
RIP=0x00007f53bd3d36b0, EFLAGS=0x0000000000010293, CSGSFS=0x002b000000000033, ERR=0x0000000000000004
  TRAPNO=0x000000000000000e

Top of Stack: (sp=0x00007f533b2f3cb0)
0x00007f533b2f3cb0:   00007f533b2f3d20 0000000000000472
0x00007f533b2f3cc0:   0000000000000400 00007f53b804f5b0
0x00007f533b2f3cd0:   00007f533b2f3d20 00007f53bd4a4f83
0x00007f533b2f3ce0:   00007f5394ff4540 00007f533b2f3d30 

Instructions: (pc=0x00007f53bd3d36b0)
0x00007f53bd3d35b0:   48 83 c4 18 5b 5d c3 66 0f 1f 84 00 00 00 00 00
0x00007f53bd3d35c0:   48 c7 45 e8 00 00 00 00 b8 01 00 00 00 eb c8 90
0x00007f53bd3d35d0:   ff d0 89 c2 83 f2 01 0f b6 ca 48 89 4d e8 eb b7
0x00007f53bd3d35e0:   48 85 f6 74 7b 55 48 89 e5 41 54 49 89 fc 48 89
0x00007f53bd3d35f0:   f7 53 48 89 f3 48 83 ec 20 48 8b 06 ff 50 10 84
0x00007f53bd3d3600:   c0 74 3c 49 8b 7c 24 08 48 8d 15 91 11 ff ff 48
0x00007f53bd3d3610:   8b 07 48 8b 80 a8 01 00 00 48 39 d0 75 32 48 8d
0x00007f53bd3d3620:   05 4b 8c 9a 00 48 89 7d d8 48 8d 75 d0 31 d2 48
0x00007f53bd3d3630:   89 df 48 89 45 d0 48 89 5d e0 e8 01 5f 47 00 48
0x00007f53bd3d3640:   83 c4 20 5b 41 5c 5d c3 0f 1f 84 00 00 00 00 00
0x00007f53bd3d3650:   48 89 de ff d0 48 83 c4 20 5b 41 5c 5d c3 66 90
0x00007f53bd3d3660:   c3 66 66 66 66 66 66 2e 0f 1f 84 00 00 00 00 00
0x00007f53bd3d3670:   55 48 89 e5 41 55 41 54 49 89 fc 53 48 89 f3 48
0x00007f53bd3d3680:   83 ec 08 48 8b 47 10 48 8b b8 88 03 00 00 e8 7d
0x00007f53bd3d3690:   fb 04 00 8b 83 f4 00 00 00 83 f8 0c 74 32 48 8b
0x00007f53bd3d36a0:   8b e8 00 00 00 49 8b 44 24 10 8b 93 f0 00 00 00
0x00007f53bd3d36b0:   8b b9 28 01 00 00 48 8b 80 28 04 00 00 85 ff 0f
0x00007f53bd3d36c0:   95 04 50 48 83 c4 08 31 c0 5b 41 5c 41 5d 5d c3
0x00007f53bd3d36d0:   44 8b ab f0 00 00 00 48 8b 13 49 8b 74 24 10 48
0x00007f53bd3d36e0:   3b 93 18 01 00 00 0f 83 a4 00 00 00 48 8b 86 90
0x00007f53bd3d36f0:   03 00 00 48 89 d1 48 8b b8 98 00 00 00 48 2b 4f
0x00007f53bd3d3700:   08 48 89 c8 8b 4f 18 48 8b 7f 20 48 c1 e8 03 48
0x00007f53bd3d3710:   d3 e8 48 89 c1 49 89 c0 b8 01 00 00 00 83 e1 3f
0x00007f53bd3d3720:   49 c1 e8 06 48 d3 e0 4a 85 04 c7 75 63 8b 83 f4
0x00007f53bd3d3730:   00 00 00 83 f8 28 74 58 8b 83 f4 00 00 00 a8 20
0x00007f53bd3d3740:   75 4e 66 0f 1f 44 00 00 48 8b 86 38 02 00 00 42
0x00007f53bd3d3750:   c6 04 28 00 48 8b 8b e8 00 00 00 49 8b 44 24 10
0x00007f53bd3d3760:   8b 93 f0 00 00 00 8b 89 28 01 00 00 48 8b 80 28
0x00007f53bd3d3770:   04 00 00 85 c9 0f 95 04 50 49 83 44 24 20 01 48
0x00007f53bd3d3780:   83 c4 08 31 c0 5b 41 5c 41 5d 5d c3 0f 1f 40 00
0x00007f53bd3d3790:   48 8b bb e8 00 00 00 83 bf 28 01 00 00 02 75 a8
0x00007f53bd3d37a0:   48 8d 05 cd 81 aa 00 80 38 00 0f 84 e0 00 00 00 


Stack slot to memory mapping:
stack at sp + 0 slots: 0x00007f533b2f3d20 points into unknown readable memory: 80 3d 2f 3b 53 7f 00 00
stack at sp + 1 slots: 0x0000000000000472 is an unknown value
stack at sp + 2 slots: 0x0000000000000400 is an unknown value
stack at sp + 3 slots: 0x00007f53b804f5b0 points into unknown readable memory: 70 df d7 bd 53 7f 00 00
stack at sp + 4 slots: 0x00007f533b2f3d20 points into unknown readable memory: 80 3d 2f 3b 53 7f 00 00
stack at sp + 5 slots: 0x00007f53bd4a4f83: <offset 0x0000000000742f83> in /usr/java/jdk-14.0.1/lib/server/libjvm.so at 0x00007f53bcd62000
stack at sp + 6 slots: 0x00007f5394ff4540 points into unknown readable memory: 08 00 00 00 00 04 00 00
stack at sp + 7 slots: 0x00007f533b2f3d30 points into unknown readable memory: 40 c1 d7 bd 53 7f 00 00


---------------  P R O C E S S  ---------------

Threads class SMR info:
_java_thread_list=0x00007f53b9130ee0, length=62, elements={
0x00007f53b802a000, 0x00007f53b8417800, 0x00007f53b8419800, 0x00007f53b841f800,
0x00007f53b8421800, 0x00007f53b8423800, 0x00007f53b8425800, 0x00007f53b8427800,
0x00007f53b84af800, 0x00007f53b84b3800, 0x00007f53b88c7800, 0x00007f53b88c9800,
0x00007f53b88cb800, 0x00007f53b88cd000, 0x00007f53b88cf800, 0x00007f53b8ad0800,
0x00007f53b8c4e000, 0x00007f53b8d02000, 0x00007f53b8dac800, 0x00007f53b8daf800,
0x00007f53b8db4000, 0x00007f53b8db5000, 0x00007f53b8db8800, 0x00007f53b8ee8000,
0x00007f53b8ef5800, 0x00007f53b8ef6800, 0x00007f53b8ef8000, 0x00007f53b8ef9800,
0x00007f53b8e7c000, 0x00007f53b8e7d000, 0x00007f53b9066000, 0x00007f53b9070000,
0x00007f52dc079000, 0x00007f52dc07b000, 0x00007f52940a2800, 0x00007f53b8c3a800,
0x00007f52984f3000, 0x00007f52e4016800, 0x00007f52a0004800, 0x00007f5314005000,
0x00007f531400d800, 0x00007f534c00f000, 0x00007f5358002800, 0x00007f5354017800,
0x00007f531401f800, 0x00007f534c008800, 0x00007f535c133800, 0x00007f5364006000,
0x00007f534c005800, 0x00007f5364007000, 0x00007f5354184800, 0x00007f52f417b800,
0x00007f52f0049800, 0x00007f5354185800, 0x00007f53b89d7800, 0x00007f53b8fe8000,
0x00007f533c361800, 0x00007f53b8446800, 0x00007f53b8a42000, 0x00007f53b8f23800,
0x00007f53b8fec800, 0x00007f53b8f29000
}

Java Threads: ( => current thread )
  0x00007f53b802a000 JavaThread "main" [_thread_blocked, id=68434, stack(0x00007f53bc81d000,0x00007f53bcc1e000)]
  0x00007f53b8417800 JavaThread "Reference Handler" daemon [_thread_blocked, id=68441, stack(0x00007f5394af3000,0x00007f5394ef4000)]
  0x00007f53b8419800 JavaThread "Finalizer" daemon [_thread_blocked, id=68442, stack(0x00007f53946f2000,0x00007f5394af3000)]
  0x00007f53b841f800 JavaThread "Signal Dispatcher" daemon [_thread_blocked, id=68443, stack(0x00007f53942f1000,0x00007f53946f2000)]
  0x00007f53b8421800 JavaThread "Service Thread" daemon [_thread_blocked, id=68444, stack(0x00007f53726cf000,0x00007f5372ad0000)]
  0x00007f53b8423800 JavaThread "C2 CompilerThread0" daemon [_thread_blocked, id=68445, stack(0x00007f53941f0000,0x00007f53942f1000)]
  0x00007f53b8425800 JavaThread "C1 CompilerThread0" daemon [_thread_blocked, id=68446, stack(0x00007f53940ef000,0x00007f53941f0000)]
  0x00007f53b8427800 JavaThread "Sweeper thread" daemon [_thread_blocked, id=68447, stack(0x00007f53722ce000,0x00007f53726cf000)]
  0x00007f53b84af800 JavaThread "Notification Thread" daemon [_thread_blocked, id=68448, stack(0x00007f5371ecd000,0x00007f53722ce000)]
  0x00007f53b84b3800 JavaThread "Common-Cleaner" daemon [_thread_blocked, id=68450, stack(0x00007f53719ca000,0x00007f5371dcb000)]
  0x00007f53b88c7800 JavaThread "pool-1-thread-1" [_thread_blocked, id=68464, stack(0x00007f53713c9000,0x00007f53717ca000)]
  0x00007f53b88c9800 JavaThread "pool-1-thread-2" [_thread_blocked, id=68465, stack(0x00007f5370fc8000,0x00007f53713c9000)]
  0x00007f53b88cb800 JavaThread "pool-1-thread-3" [_thread_blocked, id=68466, stack(0x00007f5370bc7000,0x00007f5370fc8000)]
  0x00007f53b88cd000 JavaThread "pool-1-thread-4" [_thread_blocked, id=68468, stack(0x00007f53703c5000,0x00007f53707c6000)]
  0x00007f53b88cf800 JavaThread "pool-1-thread-5" [_thread_blocked, id=68469, stack(0x00007f533bbff000,0x00007f533c000000)]
  0x00007f53b8ad0800 JavaThread "sbt-console-input-reader" [_thread_in_native, id=68484, stack(0x00007f5339ed6000,0x00007f533a2d7000)]
  0x00007f53b8c4e000 JavaThread "classloader-cache-cleanup-0" daemon [_thread_blocked, id=68485, stack(0x00007f53394d5000,0x00007f53398d6000)]
  0x00007f53b8d02000 JavaThread "sbt-command-exchange-fastTrack" daemon [_thread_blocked, id=68486, stack(0x00007f5338ed4000,0x00007f53392d5000)]
  0x00007f53b8dac800 JavaThread "FileSystemWatchService" daemon [_thread_in_native, id=68575, stack(0x00007f52cf3fd000,0x00007f52cf7fe000)]
  0x00007f53b8daf800 JavaThread "NioPathWatcher-loop-thread-1" daemon [_thread_blocked, id=68576, stack(0x00007f52cfbff000,0x00007f52d0000000)]
  0x00007f53b8db4000 JavaThread "com.swoval.files.SymlinkWather.callback-executor-1" [_thread_blocked, id=68577, stack(0x00007f52cedfc000,0x00007f52cf1fd000)]
  0x00007f53b8db5000 JavaThread "FileTreeRepository-callback-executor-1" [_thread_blocked, id=68578, stack(0x00007f53007f3000,0x00007f5300bf4000)]
  0x00007f53b8db8800 JavaThread "FileSystemWatchService" daemon [_thread_blocked, id=68579, stack(0x00007f52ce9fb000,0x00007f52cedfc000)]
  0x00007f53b8ee8000 JavaThread "NioPathWatcher-loop-thread-2" daemon [_thread_blocked, id=68580, stack(0x00007f53003f2000,0x00007f53007f3000)]
  0x00007f53b8ef5800 JavaThread "FileSystemWatchService" daemon [_thread_in_native, id=68581, stack(0x00007f52ce5fa000,0x00007f52ce9fb000)]
  0x00007f53b8ef6800 JavaThread "NioPathWatcher-loop-thread-3" daemon [_thread_blocked, id=68582, stack(0x00007f5300bf4000,0x00007f5300ff5000)]
  0x00007f53b8ef8000 JavaThread "com.swoval.files.SymlinkWather.callback-executor-1" [_thread_blocked, id=68583, stack(0x00007f52b294e000,0x00007f52b2d4f000)]
  0x00007f53b8ef9800 JavaThread "FileTreeRepository-callback-executor-1" [_thread_blocked, id=68584, stack(0x00007f52b254d000,0x00007f52b294e000)]
  0x00007f53b8e7c000 JavaThread "FileSystemWatchService" daemon [_thread_blocked, id=68585, stack(0x00007f52b214c000,0x00007f52b254d000)]
  0x00007f53b8e7d000 JavaThread "NioPathWatcher-loop-thread-4" daemon [_thread_blocked, id=68586, stack(0x00007f52b1d4b000,0x00007f52b214c000)]
  0x00007f53b9066000 JavaThread "sbt-socket-server" [_thread_in_native, id=68587, stack(0x00007f53013f6000,0x00007f53017f7000)]
  0x00007f53b9070000 JavaThread "sbt-console0-ui-thread" daemon [_thread_blocked, id=68588, stack(0x00007f5300ff5000,0x00007f53013f6000)]
  0x00007f52dc079000 JavaThread "sbt-networkchannel-0" [_thread_in_native, id=68957, stack(0x00007f52b174a000,0x00007f52b1b4b000)]
  0x00007f52dc07b000 JavaThread "sbt-network-1-write-thread" daemon [_thread_blocked, id=68958, stack(0x00007f52b1349000,0x00007f52b174a000)]
  0x00007f52940a2800 JavaThread "ForkJoinPool.commonPool-worker-3" daemon [_thread_blocked, id=68969, stack(0x00007f52a66dd000,0x00007f52a6ade000)]
  0x00007f53b8c3a800 JavaThread "sbt-network-1-ui-thread" daemon [_thread_blocked, id=68971, stack(0x00007f52b0f48000,0x00007f52b1349000)]
  0x00007f52984f3000 JavaThread "Timer-0" daemon [_thread_blocked, id=69682, stack(0x00007f52a9ffb000,0x00007f52aa3fc000)]
  0x00007f52e4016800 JavaThread "ForkJoinPool-2-worker-11" daemon [_thread_blocked, id=89307, stack(0x00007f52b0b47000,0x00007f52b0f48000)]
  0x00007f52a0004800 JavaThread "scala-execution-context-global-2013" daemon [_thread_blocked, id=100312, stack(0x00007f52a77f4000,0x00007f52a7bf5000)]
  0x00007f5314005000 JavaThread "scala-execution-context-global-2204" daemon [_thread_blocked, id=105881, stack(0x00007f53025fa000,0x00007f53029fb000)]
  0x00007f531400d800 JavaThread "scala-execution-context-global-2205" daemon [_thread_blocked, id=105882, stack(0x00007f52cdbf9000,0x00007f52cdffa000)]
  0x00007f534c00f000 JavaThread "scala-execution-context-global-2206" daemon [_thread_blocked, id=105883, stack(0x00007f52cd5f8000,0x00007f52cd9f9000)]
  0x00007f5358002800 JavaThread "scala-execution-context-global-2207" daemon [_thread_blocked, id=105884, stack(0x00007f52abbff000,0x00007f52ac000000)]
  0x00007f5354017800 JavaThread "scala-execution-context-global-2208" daemon [_thread_blocked, id=105885, stack(0x00007f52ab7fe000,0x00007f52abbff000)]
  0x00007f531401f800 JavaThread "scala-execution-context-global-2209" daemon [_thread_blocked, id=105886, stack(0x00007f52ab3fd000,0x00007f52ab7fe000)]
  0x00007f534c008800 JavaThread "scala-execution-context-global-2210" daemon [_thread_blocked, id=105887, stack(0x00007f52aaffc000,0x00007f52ab3fd000)]
  0x00007f535c133800 JavaThread "scala-execution-context-global-2211" daemon [_thread_blocked, id=105888, stack(0x00007f52a97fa000,0x00007f52a9bfb000)]
  0x00007f5364006000 JavaThread "scala-execution-context-global-2212" daemon [_thread_blocked, id=105889, stack(0x00007f52a91f9000,0x00007f52a95fa000)]
  0x00007f534c005800 JavaThread "scala-execution-context-global-2226" daemon [_thread_blocked, id=105910, stack(0x00007f52a7bf5000,0x00007f52a7ff6000)]
  0x00007f5364007000 JavaThread "scala-execution-context-global-2227" daemon [_thread_blocked, id=105911, stack(0x00007f52a6ff2000,0x00007f52a73f3000)]
  0x00007f5354184800 JavaThread "scala-execution-context-global-2253" daemon [_thread_blocked, id=106015, stack(0x00007f52a5edb000,0x00007f52a62dc000)]
  0x00007f52f417b800 JavaThread "ForkJoinPool-2-worker-3" daemon [_thread_blocked, id=106652, stack(0x00007f52a62dc000,0x00007f52a66dd000)]
  0x00007f52f0049800 JavaThread "process reaper" daemon [_thread_blocked, id=106724, stack(0x00007f53940cd000,0x00007f53940ef000)]
  0x00007f5354185800 JavaThread "scala-execution-context-global-2294" daemon [_thread_blocked, id=106730, stack(0x00007f52a56d9000,0x00007f52a5ada000)]
  0x00007f53b89d7800 JavaThread "sbt-task-progress-report-thread" [_thread_blocked, id=106974, stack(0x00007f5301df8000,0x00007f53021f9000)]
  0x00007f53b8fe8000 JavaThread "pool-184-thread-1" [_thread_blocked, id=106975, stack(0x00007f53021f9000,0x00007f53025fa000)]
  0x00007f533c361800 JavaThread "sbt-progress-report-scheduler" [_thread_blocked, id=106976, stack(0x00007f533a6d7000,0x00007f533aad8000)]
  0x00007f53b8446800 JavaThread "pool-184-thread-2" [_thread_blocked, id=106977, stack(0x00007f52a5ada000,0x00007f52a5edb000)]
  0x00007f53b8a42000 JavaThread "pool-184-thread-3" [_thread_blocked, id=106978, stack(0x00007f52a7ff6000,0x00007f52a83f7000)]
  0x00007f53b8f23800 JavaThread "pool-184-thread-4" [_thread_blocked, id=106979, stack(0x00007f52cc64f000,0x00007f52cca50000)]
  0x00007f53b8fec800 JavaThread "pool-184-thread-5" [_thread_blocked, id=106981, stack(0x00007f53031fd000,0x00007f53035fe000)]
  0x00007f53b8f29000 JavaThread "pool-184-thread-6" [_thread_blocked, id=106982, stack(0x00007f52a83f7000,0x00007f52a87f8000)]

Other Threads:
  0x00007f53b8415000 VMThread "VM Thread" [stack: 0x00007f5394ef6000,0x00007f5394ff6000] [id=68440]
  0x00007f53b84b1800 WatcherThread [stack: 0x00007f5371dcd000,0x00007f5371ecd000] [id=68449]
  0x00007f53b8059800 GCTaskThread "GC Thread#0" [stack: 0x00007f53a4502000,0x00007f53a4602000] [id=68435]
  0x00007f538c009000 GCTaskThread "GC Thread#1" [stack: 0x00007f53700c5000,0x00007f53701c5000] [id=68470]
  0x00007f538c00a800 GCTaskThread "GC Thread#2" [stack: 0x00007f533b6ff000,0x00007f533b7ff000] [id=68471]
  0x00007f538c00c000 GCTaskThread "GC Thread#3" [stack: 0x00007f533b5fd000,0x00007f533b6fd000] [id=68472]
  0x00007f538c00d800 GCTaskThread "GC Thread#4" [stack: 0x00007f533b4fb000,0x00007f533b5fb000] [id=68473]
  0x00007f538c00f000 GCTaskThread "GC Thread#5" [stack: 0x00007f533b3f9000,0x00007f533b4f9000] [id=68474]
  0x00007f538c010800 GCTaskThread "GC Thread#6" [stack: 0x00007f533b2f7000,0x00007f533b3f7000] [id=68475]
=>0x00007f538c012000 GCTaskThread "GC Thread#7" [stack: 0x00007f533b1f5000,0x00007f533b2f5000] [id=68476]
  0x00007f53b8064000 ConcurrentGCThread "G1 Main Marker" [stack: 0x00007f53a4400000,0x00007f53a4500000] [id=68436]
  0x00007f53b8065800 ConcurrentGCThread "G1 Conc#0" [stack: 0x00007f53a42fe000,0x00007f53a43fe000] [id=68437]
  0x00007f5398001000 ConcurrentGCThread "G1 Conc#1" [stack: 0x00007f533aada000,0x00007f533abda000] [id=68479]
  0x00007f53b83a5000 ConcurrentGCThread "G1 Refine#0" [stack: 0x00007f53958fa000,0x00007f53959fa000] [id=68438]
  0x00007f5390001000 ConcurrentGCThread "G1 Refine#1" [stack: 0x00007f52cf800000,0x00007f52cfbff000] [id=68566]
  0x00007f53b83a6800 ConcurrentGCThread "G1 Young RemSet Sampling" [stack: 0x00007f53957f8000,0x00007f53958f8000] [id=68439]

Threads with active compile tasks:

VM state:at safepoint (normal execution)

VM Mutex/Monitor currently owned by a thread:  ([mutex/lock_event])
[0x00007f53b8024be0] Threads_lock - owner thread: 0x00007f53b8415000
[0x00007f53b8025420] Heap_lock - owner thread: 0x00007f53b8f29000

Heap address: 0x00000000c0000000, size: 1024 MB, Compressed Oops mode: 32-bit
Narrow klass base: 0x0000000800000000, Narrow klass shift: 3
Compressed class space size: 1073741824 Address: 0x0000000800b11000

Heap:
 garbage-first heap   total 1048576K, used 704709K [0x00000000c0000000, 0x0000000100000000)
  region size 1024K, 614 young (628736K), 0 survivors (0K)
 Metaspace       used 161666K, capacity 173295K, committed 173548K, reserved 1196032K
  class space    used 22475K, capacity 27918K, committed 27936K, reserved 1048576K
Heap Regions: E=young(eden), S=young(survivor), O=old, HS=humongous(starts), HC=humongous(continues), CS=collection set, F=free, OA=open archive, CA=closed archive, TAMS=top-at-mark-start (previous, next)
|   0|0x00000000c0000000, 0x00000000c0100000, 0x00000000c0100000|100%| O|  |TAMS 0x00000000c0000000, 0x00000000c0000000| Untracked 
|   1|0x00000000c0100000, 0x00000000c0200000, 0x00000000c0200000|100%| O|  |TAMS 0x00000000c0100000, 0x00000000c0100000| Untracked 
|   2|0x00000000c0200000, 0x00000000c0300000, 0x00000000c0300000|100%| O|  |TAMS 0x00000000c0200000, 0x00000000c0200000| Untracked 
|   3|0x00000000c0300000, 0x00000000c0400000, 0x00000000c0400000|100%| O|  |TAMS 0x00000000c0300000, 0x00000000c0300000| Untracked 
|   4|0x00000000c0400000, 0x00000000c04ffff0, 0x00000000c0500000| 99%| O|  |TAMS 0x00000000c0400000, 0x00000000c0400000| Untracked 
|   5|0x00000000c0500000, 0x00000000c05fffe8, 0x00000000c0600000| 99%| O|  |TAMS 0x00000000c0500000, 0x00000000c0500000| Untracked 
|   6|0x00000000c0600000, 0x00000000c06ffff8, 0x00000000c0700000| 99%| O|  |TAMS 0x00000000c0600000, 0x00000000c0600000| Untracked 
|   7|0x00000000c0700000, 0x00000000c0800000, 0x00000000c0800000|100%|HS|  |TAMS 0x00000000c0700000, 0x00000000c0700000| Untracked 
|   8|0x00000000c0800000, 0x00000000c0900000, 0x00000000c0900000|100%|HC|  |TAMS 0x00000000c0800000, 0x00000000c0800000| Untracked 
|   9|0x00000000c0900000, 0x00000000c0a00000, 0x00000000c0a00000|100%|HC|  |TAMS 0x00000000c0900000, 0x00000000c0900000| Untracked 
|  10|0x00000000c0a00000, 0x00000000c0b00000, 0x00000000c0b00000|100%|HC|  |TAMS 0x00000000c0a00000, 0x00000000c0a00000| Untracked 
|  11|0x00000000c0b00000, 0x00000000c0bffff8, 0x00000000c0c00000| 99%| O|  |TAMS 0x00000000c0b00000, 0x00000000c0b00000| Untracked 
|  12|0x00000000c0c00000, 0x00000000c0d00000, 0x00000000c0d00000|100%| O|  |TAMS 0x00000000c0c00000, 0x00000000c0c00000| Untracked 
|  13|0x00000000c0d00000, 0x00000000c0dffff0, 0x00000000c0e00000| 99%| O|  |TAMS 0x00000000c0d00000, 0x00000000c0d00000| Untracked 
|  14|0x00000000c0e00000, 0x00000000c0effff8, 0x00000000c0f00000| 99%| O|  |TAMS 0x00000000c0e00000, 0x00000000c0e00000| Untracked 
|  15|0x00000000c0f00000, 0x00000000c0fffff0, 0x00000000c1000000| 99%| O|  |TAMS 0x00000000c0f00000, 0x00000000c0f00000| Untracked 
|  16|0x00000000c1000000, 0x00000000c10fffe8, 0x00000000c1100000| 99%| O|  |TAMS 0x00000000c1000000, 0x00000000c1000000| Untracked 
|  17|0x00000000c1100000, 0x00000000c1200000, 0x00000000c1200000|100%| O|  |TAMS 0x00000000c1100000, 0x00000000c1100000| Untracked 
|  18|0x00000000c1200000, 0x00000000c1300000, 0x00000000c1300000|100%| O|  |TAMS 0x00000000c1200000, 0x00000000c1200000| Untracked 
|  19|0x00000000c1300000, 0x00000000c13fffe0, 0x00000000c1400000| 99%| O|  |TAMS 0x00000000c1300000, 0x00000000c1300000| Untracked 
|  20|0x00000000c1400000, 0x00000000c14ffff8, 0x00000000c1500000| 99%| O|  |TAMS 0x00000000c1400000, 0x00000000c1400000| Untracked 
|  21|0x00000000c1500000, 0x00000000c15fffd0, 0x00000000c1600000| 99%| O|  |TAMS 0x00000000c1500000, 0x00000000c1500000| Untracked 
|  22|0x00000000c1600000, 0x00000000c16ffff0, 0x00000000c1700000| 99%| O|  |TAMS 0x00000000c1600000, 0x00000000c1600000| Untracked 
|  23|0x00000000c1700000, 0x00000000c17fffe8, 0x00000000c1800000| 99%| O|  |TAMS 0x00000000c1700000, 0x00000000c1700000| Untracked 
|  24|0x00000000c1800000, 0x00000000c1900000, 0x00000000c1900000|100%| O|  |TAMS 0x00000000c1800000, 0x00000000c1800000| Untracked 
|  25|0x00000000c1900000, 0x00000000c1a00000, 0x00000000c1a00000|100%| O|  |TAMS 0x00000000c1900000, 0x00000000c1900000| Untracked 
|  26|0x00000000c1a00000, 0x00000000c1afffe8, 0x00000000c1b00000| 99%| O|  |TAMS 0x00000000c1a00000, 0x00000000c1a00000| Untracked 
|  27|0x00000000c1b00000, 0x00000000c1bffff8, 0x00000000c1c00000| 99%| O|  |TAMS 0x00000000c1b00000, 0x00000000c1b00000| Untracked 
|  28|0x00000000c1c00000, 0x00000000c1cffff8, 0x00000000c1d00000| 99%| O|  |TAMS 0x00000000c1c00000, 0x00000000c1c00000| Untracked 
|  29|0x00000000c1d00000, 0x00000000c1e00000, 0x00000000c1e00000|100%| O|  |TAMS 0x00000000c1d00000, 0x00000000c1d00000| Untracked 
|  30|0x00000000c1e00000, 0x00000000c1f00000, 0x00000000c1f00000|100%| O|  |TAMS 0x00000000c1e00000, 0x00000000c1e00000| Untracked 
|  31|0x00000000c1f00000, 0x00000000c1fffff0, 0x00000000c2000000| 99%| O|  |TAMS 0x00000000c1f00000, 0x00000000c1f00000| Untracked 
|  32|0x00000000c2000000, 0x00000000c2100000, 0x00000000c2100000|100%| O|  |TAMS 0x00000000c2000000, 0x00000000c2000000| Untracked 
|  33|0x00000000c2100000, 0x00000000c21fffe8, 0x00000000c2200000| 99%| O|  |TAMS 0x00000000c2100000, 0x00000000c2100000| Untracked 
|  34|0x00000000c2200000, 0x00000000c2300000, 0x00000000c2300000|100%| O|  |TAMS 0x00000000c2200000, 0x00000000c2200000| Untracked 
|  35|0x00000000c2300000, 0x00000000c23ffff8, 0x00000000c2400000| 99%| O|  |TAMS 0x00000000c2300000, 0x00000000c2300000| Untracked 
|  36|0x00000000c2400000, 0x00000000c24fffd0, 0x00000000c2500000| 99%| O|  |TAMS 0x00000000c2400000, 0x00000000c2400000| Untracked 
|  37|0x00000000c2500000, 0x00000000c25ffff0, 0x00000000c2600000| 99%| O|  |TAMS 0x00000000c2500000, 0x00000000c2500000| Untracked 
|  38|0x00000000c2600000, 0x00000000c26fffd8, 0x00000000c2700000| 99%| O|  |TAMS 0x00000000c2600000, 0x00000000c2600000| Untracked 
|  39|0x00000000c2700000, 0x00000000c2800000, 0x00000000c2800000|100%| O|  |TAMS 0x00000000c2700000, 0x00000000c2700000| Untracked 
|  40|0x00000000c2800000, 0x00000000c28ffff8, 0x00000000c2900000| 99%| O|  |TAMS 0x00000000c2800000, 0x00000000c2800000| Untracked 
|  41|0x00000000c2900000, 0x00000000c29ffff8, 0x00000000c2a00000| 99%| O|  |TAMS 0x00000000c2900000, 0x00000000c2900000| Untracked 
|  42|0x00000000c2a00000, 0x00000000c2affff8, 0x00000000c2b00000| 99%| O|  |TAMS 0x00000000c2a00000, 0x00000000c2a00000| Untracked 
|  43|0x00000000c2b00000, 0x00000000c2bffff8, 0x00000000c2c00000| 99%| O|  |TAMS 0x00000000c2b00000, 0x00000000c2b00000| Untracked 
|  44|0x00000000c2c00000, 0x00000000c2d00000, 0x00000000c2d00000|100%| O|  |TAMS 0x00000000c2c00000, 0x00000000c2c00000| Untracked 
|  45|0x00000000c2d00000, 0x00000000c2dfffd8, 0x00000000c2e00000| 99%| O|  |TAMS 0x00000000c2d00000, 0x00000000c2d00000| Untracked 
|  46|0x00000000c2e00000, 0x00000000c2f00000, 0x00000000c2f00000|100%| O|  |TAMS 0x00000000c2e00000, 0x00000000c2e00000| Untracked 
|  47|0x00000000c2f00000, 0x00000000c2fffff0, 0x00000000c3000000| 99%| O|  |TAMS 0x00000000c2f00000, 0x00000000c2f00000| Untracked 
|  48|0x00000000c3000000, 0x00000000c30ffff0, 0x00000000c3100000| 99%| O|  |TAMS 0x00000000c3000000, 0x00000000c3000000| Untracked 
|  49|0x00000000c3100000, 0x00000000c31ffe80, 0x00000000c3200000| 99%| O|  |TAMS 0x00000000c3100000, 0x00000000c3100000| Untracked 
|  50|0x00000000c3200000, 0x00000000c32ffff8, 0x00000000c3300000| 99%| O|  |TAMS 0x00000000c3200000, 0x00000000c3200000| Untracked 
|  51|0x00000000c3300000, 0x00000000c3400000, 0x00000000c3400000|100%| O|  |TAMS 0x00000000c3300000, 0x00000000c3300000| Untracked 
|  52|0x00000000c3400000, 0x00000000c34ffff8, 0x00000000c3500000| 99%| O|  |TAMS 0x00000000c3400000, 0x00000000c3400000| Untracked 
|  53|0x00000000c3500000, 0x00000000c35ffff8, 0x00000000c3600000| 99%| O|  |TAMS 0x00000000c3500000, 0x00000000c3500000| Untracked 
|  54|0x00000000c3600000, 0x00000000c3700000, 0x00000000c3700000|100%| O|  |TAMS 0x00000000c3600000, 0x00000000c3600000| Untracked 
|  55|0x00000000c3700000, 0x00000000c3800000, 0x00000000c3800000|100%| O|  |TAMS 0x00000000c3700000, 0x00000000c3700000| Untracked 
|  56|0x00000000c3800000, 0x00000000c3900000, 0x00000000c3900000|100%| O|  |TAMS 0x00000000c3800000, 0x00000000c3800000| Untracked 
|  57|0x00000000c3900000, 0x00000000c39fffe0, 0x00000000c3a00000| 99%| O|  |TAMS 0x00000000c3900000, 0x00000000c3900000| Untracked 
|  58|0x00000000c3a00000, 0x00000000c3afffc8, 0x00000000c3b00000| 99%| O|  |TAMS 0x00000000c3a00000, 0x00000000c3a00000| Untracked 
|  59|0x00000000c3b00000, 0x00000000c3ba3b98, 0x00000000c3c00000| 63%| O|  |TAMS 0x00000000c3b00000, 0x00000000c3b00000| Untracked 
|  60|0x00000000c3c00000, 0x00000000c3cffff8, 0x00000000c3d00000| 99%| O|  |TAMS 0x00000000c3c00000, 0x00000000c3c00000| Untracked 
|  61|0x00000000c3d00000, 0x00000000c3dffff0, 0x00000000c3e00000| 99%| O|  |TAMS 0x00000000c3d00000, 0x00000000c3d00000| Untracked 
|  62|0x00000000c3e00000, 0x00000000c3eff588, 0x00000000c3f00000| 99%| O|  |TAMS 0x00000000c3e00000, 0x00000000c3e00000| Untracked 
|  63|0x00000000c3f00000, 0x00000000c3f41aa0, 0x00000000c4000000| 25%| O|  |TAMS 0x00000000c3f00000, 0x00000000c3f00000| Untracked 
|  64|0x00000000c4000000, 0x00000000c4100000, 0x00000000c4100000|100%|HS|  |TAMS 0x00000000c4000000, 0x00000000c4000000| Complete 
|  65|0x00000000c4100000, 0x00000000c4200000, 0x00000000c4200000|100%|HS|  |TAMS 0x00000000c4100000, 0x00000000c4100000| Complete 
|  66|0x00000000c4200000, 0x00000000c42fffd8, 0x00000000c4300000| 99%| O|  |TAMS 0x00000000c4200000, 0x00000000c4200000| Untracked 
|  67|0x00000000c4300000, 0x00000000c4400000, 0x00000000c4400000|100%|HS|  |TAMS 0x00000000c4300000, 0x00000000c4300000| Complete 
|  68|0x00000000c4400000, 0x00000000c44f8258, 0x00000000c4500000| 96%| O|  |TAMS 0x00000000c4400000, 0x00000000c4400000| Untracked 
|  69|0x00000000c4500000, 0x00000000c45dd910, 0x00000000c4600000| 86%| O|  |TAMS 0x00000000c4500000, 0x00000000c4500000| Untracked 
|  70|0x00000000c4600000, 0x00000000c46fffe8, 0x00000000c4700000| 99%| O|  |TAMS 0x00000000c4600000, 0x00000000c4600000| Untracked 
|  71|0x00000000c4700000, 0x00000000c475ce40, 0x00000000c4800000| 36%| O|  |TAMS 0x00000000c4700000, 0x00000000c4700000| Untracked 
|  72|0x00000000c4800000, 0x00000000c48ffff8, 0x00000000c4900000| 99%| O|  |TAMS 0x00000000c4800000, 0x00000000c4800000| Untracked 
|  73|0x00000000c4900000, 0x00000000c4900000, 0x00000000c4a00000|  0%| F|  |TAMS 0x00000000c4900000, 0x00000000c4900000| Untracked 
|  74|0x00000000c4a00000, 0x00000000c4a7fc08, 0x00000000c4b00000| 49%| O|  |TAMS 0x00000000c4a00000, 0x00000000c4a00000| Untracked 
|  75|0x00000000c4b00000, 0x00000000c4b00000, 0x00000000c4c00000|  0%| F|  |TAMS 0x00000000c4b00000, 0x00000000c4b00000| Untracked 
|  76|0x00000000c4c00000, 0x00000000c4c00000, 0x00000000c4d00000|  0%| F|  |TAMS 0x00000000c4c00000, 0x00000000c4c00000| Untracked 
|  77|0x00000000c4d00000, 0x00000000c4d00000, 0x00000000c4e00000|  0%| F|  |TAMS 0x00000000c4d00000, 0x00000000c4d00000| Untracked 
|  78|0x00000000c4e00000, 0x00000000c4e00000, 0x00000000c4f00000|  0%| F|  |TAMS 0x00000000c4e00000, 0x00000000c4e00000| Untracked 
|  79|0x00000000c4f00000, 0x00000000c4f00000, 0x00000000c5000000|  0%| F|  |TAMS 0x00000000c4f00000, 0x00000000c4f00000| Untracked 
|  80|0x00000000c5000000, 0x00000000c5000000, 0x00000000c5100000|  0%| F|  |TAMS 0x00000000c5000000, 0x00000000c5000000| Untracked 
|  81|0x00000000c5100000, 0x00000000c5100000, 0x00000000c5200000|  0%| F|  |TAMS 0x00000000c5100000, 0x00000000c5100000| Untracked 
|  82|0x00000000c5200000, 0x00000000c5200000, 0x00000000c5300000|  0%| F|  |TAMS 0x00000000c5200000, 0x00000000c5200000| Untracked 
|  83|0x00000000c5300000, 0x00000000c5300000, 0x00000000c5400000|  0%| F|  |TAMS 0x00000000c5300000, 0x00000000c5300000| Untracked 
|  84|0x00000000c5400000, 0x00000000c5400000, 0x00000000c5500000|  0%| F|  |TAMS 0x00000000c5400000, 0x00000000c5400000| Untracked 
|  85|0x00000000c5500000, 0x00000000c5500000, 0x00000000c5600000|  0%| F|  |TAMS 0x00000000c5500000, 0x00000000c5500000| Untracked 
|  86|0x00000000c5600000, 0x00000000c5600000, 0x00000000c5700000|  0%| F|  |TAMS 0x00000000c5600000, 0x00000000c5600000| Untracked 
|  87|0x00000000c5700000, 0x00000000c5700000, 0x00000000c5800000|  0%| F|  |TAMS 0x00000000c5700000, 0x00000000c5700000| Untracked 
|  88|0x00000000c5800000, 0x00000000c5800000, 0x00000000c5900000|  0%| F|  |TAMS 0x00000000c5800000, 0x00000000c5800000| Untracked 
|  89|0x00000000c5900000, 0x00000000c5900000, 0x00000000c5a00000|  0%| F|  |TAMS 0x00000000c5900000, 0x00000000c5900000| Untracked 
|  90|0x00000000c5a00000, 0x00000000c5a00000, 0x00000000c5b00000|  0%| F|  |TAMS 0x00000000c5a00000, 0x00000000c5a00000| Untracked 
|  91|0x00000000c5b00000, 0x00000000c5b00000, 0x00000000c5c00000|  0%| F|  |TAMS 0x00000000c5b00000, 0x00000000c5b00000| Untracked 
|  92|0x00000000c5c00000, 0x00000000c5cce7c0, 0x00000000c5d00000| 80%| O|  |TAMS 0x00000000c5c00000, 0x00000000c5c00000| Untracked 
|  93|0x00000000c5d00000, 0x00000000c5d00000, 0x00000000c5e00000|  0%| F|  |TAMS 0x00000000c5d00000, 0x00000000c5d00000| Untracked 
|  94|0x00000000c5e00000, 0x00000000c5e00000, 0x00000000c5f00000|  0%| F|  |TAMS 0x00000000c5e00000, 0x00000000c5e00000| Untracked 
|  95|0x00000000c5f00000, 0x00000000c5f00000, 0x00000000c6000000|  0%| F|  |TAMS 0x00000000c5f00000, 0x00000000c5f00000| Untracked 
|  96|0x00000000c6000000, 0x00000000c6000000, 0x00000000c6100000|  0%| F|  |TAMS 0x00000000c6000000, 0x00000000c6000000| Untracked 
|  97|0x00000000c6100000, 0x00000000c6100000, 0x00000000c6200000|  0%| F|  |TAMS 0x00000000c6100000, 0x00000000c6100000| Untracked 
|  98|0x00000000c6200000, 0x00000000c6200000, 0x00000000c6300000|  0%| F|  |TAMS 0x00000000c6200000, 0x00000000c6200000| Untracked 
|  99|0x00000000c6300000, 0x00000000c6300000, 0x00000000c6400000|  0%| F|  |TAMS 0x00000000c6300000, 0x00000000c6300000| Untracked 
| 100|0x00000000c6400000, 0x00000000c6400000, 0x00000000c6500000|  0%| F|  |TAMS 0x00000000c6400000, 0x00000000c6400000| Untracked 
| 101|0x00000000c6500000, 0x00000000c6500000, 0x00000000c6600000|  0%| F|  |TAMS 0x00000000c6500000, 0x00000000c6500000| Untracked 
| 102|0x00000000c6600000, 0x00000000c6600000, 0x00000000c6700000|  0%| F|  |TAMS 0x00000000c6600000, 0x00000000c6600000| Untracked 
| 103|0x00000000c6700000, 0x00000000c67fb320, 0x00000000c6800000| 98%| O|  |TAMS 0x00000000c6700000, 0x00000000c6700000| Untracked 
| 104|0x00000000c6800000, 0x00000000c6800000, 0x00000000c6900000|  0%| F|  |TAMS 0x00000000c6800000, 0x00000000c6800000| Untracked 
| 105|0x00000000c6900000, 0x00000000c6900000, 0x00000000c6a00000|  0%| F|  |TAMS 0x00000000c6900000, 0x00000000c6900000| Untracked 
| 106|0x00000000c6a00000, 0x00000000c6a00000, 0x00000000c6b00000|  0%| F|  |TAMS 0x00000000c6a00000, 0x00000000c6a00000| Untracked 
| 107|0x00000000c6b00000, 0x00000000c6b00000, 0x00000000c6c00000|  0%| F|  |TAMS 0x00000000c6b00000, 0x00000000c6b00000| Untracked 
| 108|0x00000000c6c00000, 0x00000000c6c00000, 0x00000000c6d00000|  0%| F|  |TAMS 0x00000000c6c00000, 0x00000000c6c00000| Untracked 
| 109|0x00000000c6d00000, 0x00000000c6d00000, 0x00000000c6e00000|  0%| F|  |TAMS 0x00000000c6d00000, 0x00000000c6d00000| Untracked 
| 110|0x00000000c6e00000, 0x00000000c6e00000, 0x00000000c6f00000|  0%| F|  |TAMS 0x00000000c6e00000, 0x00000000c6e00000| Untracked 
| 111|0x00000000c6f00000, 0x00000000c6f00000, 0x00000000c7000000|  0%| F|  |TAMS 0x00000000c6f00000, 0x00000000c6f00000| Untracked 
| 112|0x00000000c7000000, 0x00000000c7000000, 0x00000000c7100000|  0%| F|  |TAMS 0x00000000c7000000, 0x00000000c7000000| Untracked 
| 113|0x00000000c7100000, 0x00000000c7100000, 0x00000000c7200000|  0%| F|  |TAMS 0x00000000c7100000, 0x00000000c7100000| Untracked 
|   0|0x0000000000000000, 0x0000000000000000, 0x0000000000000000|-2147483648%| F|  
[error occurred during error reporting (printing heap information), id 0xb, SIGSEGV (0xb) at pc=0x00007f53bd49be56]

Metaspace:

Usage:
  Non-class:    141.97 MB capacity,   135.93 MB ( 96%) used,     4.78 MB (  3%) free+waste,     1.26 MB ( <1%) overhead. 
      Class:     27.26 MB capacity,    21.95 MB ( 81%) used,     4.64 MB ( 17%) free+waste,   687.44 KB (  2%) overhead. 
       Both:    169.23 MB capacity,   157.88 MB ( 93%) used,     9.43 MB (  6%) free+waste,     1.93 MB (  1%) overhead. 

Virtual space:
  Non-class space:      144.00 MB reserved,     142.20 MB ( 99%) committed 
      Class space:        1.00 GB reserved,      27.28 MB (  3%) committed 
             Both:        1.14 GB reserved,     169.48 MB ( 15%) committed 

Chunk freelists:
   Non-Class:  55.00 KB
       Class:  0 bytes
        Both:  55.00 KB

MaxMetaspaceSize: unlimited
CompressedClassSpaceSize: 1.00 GB

CodeCache: size=131072Kb used=85729Kb max_used=86192Kb free=45342Kb
 bounds [0x00007f53a6e04000, 0x00007f53ac234000, 0x00007f53aee04000]
 total_blobs=50478 nmethods=28092 adapters=750
 compilation: enabled
              stopped_count=0, restarted_count=0
 full_count=0

Compilation events (20 events):
Event: 12116.550 Thread 0x00007f53b8423800 39060       4       scala.tools.nsc.ast.parser.Parsers$Parser::lowerPrecedence$1 (37 bytes)
Event: 12116.574 Thread 0x00007f53b8425800 39063       1       xsbt.DelegatingReporter$PositionImpl::line (5 bytes)
Event: 12116.574 Thread 0x00007f53b8425800 nmethod 39063 0x00007f53ab11e110 code [0x00007f53ab11e2a0, 0x00007f53ab11e370]
Event: 12116.610 Thread 0x00007f53b8423800 nmethod 39060 0x00007f53a94a7890 code [0x00007f53a94a8100, 0x00007f53a94a99b0]
Event: 12116.610 Thread 0x00007f53b8423800 39064       4       scala.reflect.internal.Names$Name::endsWith (69 bytes)
Event: 12116.621 Thread 0x00007f53b8423800 nmethod 39064 0x00007f53a7d9ba90 code [0x00007f53a7d9bca0, 0x00007f53a7d9c2e8]
Event: 12116.621 Thread 0x00007f53b8423800 39065   !   4       scala.reflect.internal.Names$TypeName::toTermName (41 bytes)
Event: 12116.629 Thread 0x00007f53b8423800 nmethod 39065 0x00007f53a8963910 code [0x00007f53a8963b40, 0x00007f53a8964138]
Event: 12116.629 Thread 0x00007f53b8423800 39062       4       scala.reflect.internal.Names::newTermName (17 bytes)
Event: 12116.631 Thread 0x00007f53b8423800 nmethod 39062 0x00007f53a9de1710 code [0x00007f53a9de18c0, 0x00007f53a9de1b78]
Event: 12116.631 Thread 0x00007f53b8423800 39066       4       scala.tools.nsc.typechecker.Contexts$ImportInfo::importedSelectedSymbol (980 bytes)
Event: 12116.638 Thread 0x00007f53b8425800 39069       3       scala.reflect.internal.Types$RewrappingTypeProxy::normalize$ (5 bytes)
Event: 12116.638 Thread 0x00007f53b8425800 nmethod 39069 0x00007f53a9f23b10 code [0x00007f53a9f23ce0, 0x00007f53a9f24200]
Event: 12116.639 Thread 0x00007f53b8425800 39070       1       scala.reflect.internal.Types$TypeVar::registerBound$default$3 (2 bytes)
Event: 12116.639 Thread 0x00007f53b8425800 nmethod 39070 0x00007f53a8f6fa10 code [0x00007f53a8f6fba0, 0x00007f53a8f6fc70]
Event: 12116.684 Thread 0x00007f53b8423800 nmethod 39066 0x00007f53a94a3410 code [0x00007f53a94a3be0, 0x00007f53a94a5958]
Event: 12116.684 Thread 0x00007f53b8423800 39067       4       scala.tools.nsc.typechecker.Contexts$SymbolLookup::apply (2709 bytes)
Event: 12116.973 Thread 0x00007f53b8423800 nmethod 39067 0x00007f53ac0a8a90 code [0x00007f53ac0aa260, 0x00007f53ac0b3490]
Event: 12120.280 Thread 0x00007f53b8425800 39072       3       com.swoval.files.FileCacheDirectoryTree::access$300 (16 bytes)
Event: 12120.280 Thread 0x00007f53b8425800 nmethod 39072 0x00007f53a8f6f210 code [0x00007f53a8f6f3a0, 0x00007f53a8f6f4c0]

GC Heap History (20 events):
Event: 4614.172 GC heap after
{Heap after GC invocations=37 (full 13):
 garbage-first heap   total 1048576K, used 53520K [0x00000000c0000000, 0x0000000100000000)
  region size 1024K, 0 young (0K), 0 survivors (0K)
 Metaspace       used 157976K, capacity 169015K, committed 170860K, reserved 1193984K
  class space    used 21904K, capacity 27137K, committed 27296K, reserved 1048576K
}
Event: 4614.274 GC heap before
{Heap before GC invocations=37 (full 13):
 garbage-first heap   total 1048576K, used 53520K [0x00000000c0000000, 0x0000000100000000)
  region size 1024K, 1 young (1024K), 0 survivors (0K)
 Metaspace       used 157976K, capacity 169015K, committed 170860K, reserved 1193984K
  class space    used 21904K, capacity 27137K, committed 27296K, reserved 1048576K
}
Event: 4614.361 GC heap after
{Heap after GC invocations=38 (full 14):
 garbage-first heap   total 1048576K, used 52925K [0x00000000c0000000, 0x0000000100000000)
  region size 1024K, 0 young (0K), 0 survivors (0K)
 Metaspace       used 157976K, capacity 169015K, committed 170860K, reserved 1193984K
  class space    used 21904K, capacity 27137K, committed 27296K, reserved 1048576K
}
Event: 8924.666 GC heap before
{Heap before GC invocations=38 (full 14):
 garbage-first heap   total 1048576K, used 136893K [0x00000000c0000000, 0x0000000100000000)
  region size 1024K, 84 young (86016K), 0 survivors (0K)
 Metaspace       used 157976K, capacity 169015K, committed 170860K, reserved 1193984K
  class space    used 21904K, capacity 27137K, committed 27296K, reserved 1048576K
}
Event: 8925.131 GC heap after
{Heap after GC invocations=39 (full 15):
 garbage-first heap   total 1048576K, used 71737K [0x00000000c0000000, 0x0000000100000000)
  region size 1024K, 0 young (0K), 0 survivors (0K)
 Metaspace       used 157976K, capacity 169015K, committed 170860K, reserved 1193984K
  class space    used 21904K, capacity 27137K, committed 27296K, reserved 1048576K
}
Event: 8925.133 GC heap before
{Heap before GC invocations=39 (full 15):
 garbage-first heap   total 1048576K, used 72761K [0x00000000c0000000, 0x0000000100000000)
  region size 1024K, 2 young (2048K), 0 survivors (0K)
 Metaspace       used 157976K, capacity 169015K, committed 170860K, reserved 1193984K
  class space    used 21904K, capacity 27137K, committed 27296K, reserved 1048576K
}
Event: 8925.414 GC heap after
{Heap after GC invocations=40 (full 16):
 garbage-first heap   total 1048576K, used 71073K [0x00000000c0000000, 0x0000000100000000)
  region size 1024K, 0 young (0K), 0 survivors (0K)
 Metaspace       used 157959K, capacity 168988K, committed 170860K, reserved 1193984K
  class space    used 21901K, capacity 27132K, committed 27296K, reserved 1048576K
}
Event: 9384.660 GC heap before
{Heap before GC invocations=40 (full 16):
 garbage-first heap   total 1048576K, used 699809K [0x00000000c0000000, 0x0000000100000000)
  region size 1024K, 614 young (628736K), 0 survivors (0K)
 Metaspace       used 159317K, capacity 170634K, committed 171116K, reserved 1193984K
  class space    used 22195K, capacity 27551K, committed 27552K, reserved 1048576K
}
Event: 9384.693 GC heap after
{Heap after GC invocations=41 (full 16):
 garbage-first heap   total 1048576K, used 75681K [0x00000000c0000000, 0x0000000100000000)
  region size 1024K, 5 young (5120K), 5 survivors (5120K)
 Metaspace       used 159317K, capacity 170634K, committed 171116K, reserved 1193984K
  class space    used 22195K, capacity 27551K, committed 27552K, reserved 1048576K
}
Event: 9475.217 GC heap before
{Heap before GC invocations=41 (full 16):
 garbage-first heap   total 1048576K, used 705441K [0x00000000c0000000, 0x0000000100000000)
  region size 1024K, 614 young (628736K), 5 survivors (5120K)
 Metaspace       used 160190K, capacity 171713K, committed 172012K, reserved 1193984K
  class space    used 22231K, capacity 27597K, committed 27680K, reserved 1048576K
}
Event: 9475.284 GC heap after
{Heap after GC invocations=42 (full 16):
 garbage-first heap   total 1048576K, used 77217K [0x00000000c0000000, 0x0000000100000000)
  region size 1024K, 6 young (6144K), 6 survivors (6144K)
 Metaspace       used 160190K, capacity 171713K, committed 172012K, reserved 1193984K
  class space    used 22231K, capacity 27597K, committed 27680K, reserved 1048576K
}
Event: 10075.703 GC heap before
{Heap before GC invocations=42 (full 16):
 garbage-first heap   total 1048576K, used 156065K [0x00000000c0000000, 0x0000000100000000)
  region size 1024K, 83 young (84992K), 6 survivors (6144K)
 Metaspace       used 160368K, capacity 171900K, committed 172012K, reserved 1193984K
  class space    used 22236K, capacity 27605K, committed 27680K, reserved 1048576K
}
Event: 10076.059 GC heap after
{Heap after GC invocations=43 (full 17):
 garbage-first heap   total 1048576K, used 53385K [0x00000000c0000000, 0x0000000100000000)
  region size 1024K, 0 young (0K), 0 survivors (0K)
 Metaspace       used 159686K, capacity 171060K, committed 172012K, reserved 1193984K
  class space    used 22211K, capacity 27565K, committed 27680K, reserved 1048576K
}
Event: 10076.144 GC heap before
{Heap before GC invocations=43 (full 17):
 garbage-first heap   total 1048576K, used 53385K [0x00000000c0000000, 0x0000000100000000)
  region size 1024K, 1 young (1024K), 0 survivors (0K)
 Metaspace       used 159686K, capacity 171060K, committed 172012K, reserved 1193984K
  class space    used 22211K, capacity 27565K, committed 27680K, reserved 1048576K
}
Event: 10076.256 GC heap after
{Heap after GC invocations=44 (full 18):
 garbage-first heap   total 1048576K, used 53289K [0x00000000c0000000, 0x0000000100000000)
  region size 1024K, 0 young (0K), 0 survivors (0K)
 Metaspace       used 159686K, capacity 171060K, committed 172012K, reserved 1193984K
  class space    used 22211K, capacity 27565K, committed 27680K, reserved 1048576K
}
Event: 11839.617 GC heap before
{Heap before GC invocations=44 (full 18):
 garbage-first heap   total 1048576K, used 119849K [0x00000000c0000000, 0x0000000100000000)
  region size 1024K, 65 young (66560K), 0 survivors (0K)
 Metaspace       used 159766K, capacity 171146K, committed 172012K, reserved 1193984K
  class space    used 22213K, capacity 27569K, committed 27680K, reserved 1048576K
}
Event: 11840.071 GC heap after
{Heap after GC invocations=45 (full 19):
 garbage-first heap   total 1048576K, used 73539K [0x00000000c0000000, 0x0000000100000000)
  region size 1024K, 0 young (0K), 0 survivors (0K)
 Metaspace       used 159697K, capacity 171062K, committed 172012K, reserved 1193984K
  class space    used 22211K, capacity 27565K, committed 27680K, reserved 1048576K
}
Event: 11840.135 GC heap before
{Heap before GC invocations=45 (full 19):
 garbage-first heap   total 1048576K, used 74563K [0x00000000c0000000, 0x0000000100000000)
  region size 1024K, 2 young (2048K), 0 survivors (0K)
 Metaspace       used 159697K, capacity 171062K, committed 172012K, reserved 1193984K
  class space    used 22211K, capacity 27565K, committed 27680K, reserved 1048576K
}
Event: 11840.287 GC heap after
{Heap after GC invocations=46 (full 20):
 garbage-first heap   total 1048576K, used 72901K [0x00000000c0000000, 0x0000000100000000)
  region size 1024K, 0 young (0K), 0 survivors (0K)
 Metaspace       used 159686K, capacity 171044K, committed 172012K, reserved 1193984K
  class space    used 22209K, capacity 27562K, committed 27680K, reserved 1048576K
}
Event: 12120.319 GC heap before
{Heap before GC invocations=46 (full 20):
 garbage-first heap   total 1048576K, used 703685K [0x00000000c0000000, 0x0000000100000000)
  region size 1024K, 614 young (628736K), 0 survivors (0K)
 Metaspace       used 161666K, capacity 173295K, committed 173548K, reserved 1196032K
  class space    used 22475K, capacity 27918K, committed 27936K, reserved 1048576K
}

Deoptimization events (20 events):
Event: 12102.197 Thread 0x00007f53b8db8800 Uncommon trap: trap_request=0xffffff45 fr.pc=0x00007f53ab0132cc relative=0x000000000000210c
Event: 12102.197 Thread 0x00007f53b8db8800 Uncommon trap: reason=unstable_if action=reinterpret pc=0x00007f53ab0132cc method=java.util.concurrent.LinkedBlockingDeque.linkLast(Ljava/util/concurrent/LinkedBlockingDeque$Node;)Z @ 32 c2
Event: 12102.197 Thread 0x00007f53b8db8800 DEOPT PACKING pc=0x00007f53ab0132cc sp=0x00007f52cedfa750
Event: 12102.197 Thread 0x00007f53b8db8800 DEOPT UNPACKING pc=0x00007f53a6e4ce25 sp=0x00007f52cedfa4f0 mode 2
Event: 12102.502 Thread 0x00007f53b8ee8000 Uncommon trap: trap_request=0xffffff45 fr.pc=0x00007f53a86ca4b8 relative=0x00000000000009b8
Event: 12102.502 Thread 0x00007f53b8ee8000 Uncommon trap: reason=unstable_if action=reinterpret pc=0x00007f53a86ca4b8 method=sun.nio.fs.AbstractWatchKey.reset()Z @ 18 c2
Event: 12102.502 Thread 0x00007f53b8ee8000 DEOPT PACKING pc=0x00007f53a86ca4b8 sp=0x00007f53007f14c0
Event: 12102.502 Thread 0x00007f53b8ee8000 DEOPT UNPACKING pc=0x00007f53a6e4ce25 sp=0x00007f53007f14a0 mode 2
Event: 12102.507 Thread 0x00007f53b8e7c000 Uncommon trap: trap_request=0xfffffff4 fr.pc=0x00007f53a7dc4e68 relative=0x0000000000000788
Event: 12102.507 Thread 0x00007f53b8e7c000 Uncommon trap: reason=null_check action=make_not_entrant pc=0x00007f53a7dc4e68 method=sun.nio.fs.LinuxWatchService$Poller.processEvent(IILsun/nio/fs/UnixPath;)V @ 80 c2
Event: 12102.507 Thread 0x00007f53b8e7c000 DEOPT PACKING pc=0x00007f53a7dc4e68 sp=0x00007f52b254b800
Event: 12102.507 Thread 0x00007f53b8e7c000 DEOPT UNPACKING pc=0x00007f53a6e4ce25 sp=0x00007f52b254b7e0 mode 2
Event: 12102.720 Thread 0x00007f53b8f29000 Uncommon trap: trap_request=0xffffffc6 fr.pc=0x00007f53ab61164c relative=0x000000000000224c
Event: 12102.720 Thread 0x00007f53b8f29000 Uncommon trap: reason=bimorphic_or_optimized_type_check action=maybe_recompile pc=0x00007f53ab61164c method=scala.reflect.internal.tpe.TypeComparers.retry$1(Lscala/reflect/internal/Types$Type;Lscala/reflect/internal/Types$Type;)Z @ 62 c2
Event: 12102.720 Thread 0x00007f53b8f29000 DEOPT PACKING pc=0x00007f53ab61164c sp=0x00007f53025f0f10
Event: 12102.721 Thread 0x00007f53b8f29000 DEOPT UNPACKING pc=0x00007f53a6e4ce25 sp=0x00007f53025f0f38 mode 2
Event: 12102.721 Thread 0x00007f53b8f29000 Uncommon trap: trap_request=0xffffffc6 fr.pc=0x00007f53ab61164c relative=0x000000000000224c
Event: 12102.721 Thread 0x00007f53b8f29000 Uncommon trap: reason=bimorphic_or_optimized_type_check action=maybe_recompile pc=0x00007f53ab61164c method=scala.reflect.internal.tpe.TypeComparers.retry$1(Lscala/reflect/internal/Types$Type;Lscala/reflect/internal/Types$Type;)Z @ 62 c2
Event: 12102.721 Thread 0x00007f53b8f29000 DEOPT PACKING pc=0x00007f53ab61164c sp=0x00007f53025f1040
Event: 12102.721 Thread 0x00007f53b8f29000 DEOPT UNPACKING pc=0x00007f53a6e4ce25 sp=0x00007f53025f1068 mode 2

Classes unloaded (20 events):
Event: 10075.804 Thread 0x00007f53b8415000 Unloading class 0x00000008025ff840 'org/scalactic/source/PositionMacro$'
Event: 10075.804 Thread 0x00007f53b8415000 Unloading class 0x00000008025ff040 'org/scalactic/Resources$'
Event: 10075.804 Thread 0x00007f53b8415000 Unloading class 0x00000008025fec78 'org/scalactic/source/PositionMacro$PositionMacroImpl'
Event: 10075.804 Thread 0x00007f53b8415000 Unloading class 0x00000008025fea58 'org/scalactic/source/PositionMacro$$typecreator1$1'
Event: 10075.804 Thread 0x00007f53b8415000 Unloading class 0x00000008025fe840 'org/scalactic/source/PositionMacro$'
Event: 10075.804 Thread 0x00007f53b8415000 Unloading class 0x00000008025fd040 'org/scalactic/Resources$'
Event: 10075.804 Thread 0x00007f53b8415000 Unloading class 0x00000008025fcc78 'org/scalactic/source/PositionMacro$PositionMacroImpl'
Event: 10075.804 Thread 0x00007f53b8415000 Unloading class 0x00000008025fca58 'org/scalactic/source/PositionMacro$$typecreator1$1'
Event: 10075.804 Thread 0x00007f53b8415000 Unloading class 0x00000008025fc840 'org/scalactic/source/PositionMacro$'
Event: 10075.804 Thread 0x00007f53b8415000 Unloading class 0x00000008025f4840 'org/scalactic/Resources$'
Event: 10075.804 Thread 0x00007f53b8415000 Unloading class 0x00000008025f4478 'org/scalactic/source/PositionMacro$PositionMacroImpl'
Event: 10075.804 Thread 0x00007f53b8415000 Unloading class 0x00000008025f4258 'org/scalactic/source/PositionMacro$$typecreator1$1'
Event: 10075.804 Thread 0x00007f53b8415000 Unloading class 0x00000008025f4040 'org/scalactic/source/PositionMacro$'
Event: 11839.710 Thread 0x00007f53b8415000 Unloading class 0x0000000802606040 'org/scalactic/Resources$'
Event: 11839.710 Thread 0x00007f53b8415000 Unloading class 0x0000000802605c78 'org/scalactic/source/PositionMacro$PositionMacroImpl'
Event: 11839.710 Thread 0x00007f53b8415000 Unloading class 0x0000000802605a58 'org/scalactic/source/PositionMacro$$typecreator1$1'
Event: 11839.710 Thread 0x00007f53b8415000 Unloading class 0x0000000802605840 'org/scalactic/source/PositionMacro$'
Event: 11840.163 Thread 0x00007f53b8415000 Unloading class 0x00000008025fe040 'jdk/internal/reflect/GeneratedConstructorAccessor21'
Event: 11840.163 Thread 0x00007f53b8415000 Unloading class 0x00000008025fdc40 'jdk/internal/reflect/GeneratedConstructorAccessor20'
Event: 11840.163 Thread 0x00007f53b8415000 Unloading class 0x00000008025fd840 'jdk/internal/reflect/GeneratedConstructorAccessor19'

Classes redefined (0 events):
No events

Internal exceptions (20 events):
Event: 12116.378 Thread 0x00007f53b8fec800 Exception <a 'sun/nio/fs/UnixException'{0x00000000dc5af1c0}> (0x00000000dc5af1c0) 
thrown [open/src/hotspot/share/prims/jni.cpp, line 599]
Event: 12116.391 Thread 0x00007f53b8f23800 Exception <a 'sun/nio/fs/UnixException'{0x00000000dc609338}> (0x00000000dc609338) 
thrown [open/src/hotspot/share/prims/jni.cpp, line 599]
Event: 12116.391 Thread 0x00007f53b8f23800 Exception <a 'sun/nio/fs/UnixException'{0x00000000dc60a030}> (0x00000000dc60a030) 
thrown [open/src/hotspot/share/prims/jni.cpp, line 599]
Event: 12116.392 Thread 0x00007f53b8446800 Exception <a 'sun/nio/fs/UnixException'{0x00000000dc72b330}> (0x00000000dc72b330) 
thrown [open/src/hotspot/share/prims/jni.cpp, line 599]
Event: 12116.392 Thread 0x00007f53b8446800 Exception <a 'sun/nio/fs/UnixException'{0x00000000dc72bb18}> (0x00000000dc72bb18) 
thrown [open/src/hotspot/share/prims/jni.cpp, line 599]
Event: 12116.392 Thread 0x00007f53b8446800 Exception <a 'sun/nio/fs/UnixException'{0x00000000dc72c948}> (0x00000000dc72c948) 
thrown [open/src/hotspot/share/prims/jni.cpp, line 599]
Event: 12116.402 Thread 0x00007f53b8b71000 Exception <a 'sun/nio/fs/UnixException'{0x00000000dc1fa090}> (0x00000000dc1fa090) 
thrown [open/src/hotspot/share/prims/jni.cpp, line 599]
Event: 12116.403 Thread 0x00007f53b8b71000 Exception <a 'sun/nio/fs/UnixException'{0x00000000dc005e58}> (0x00000000dc005e58) 
thrown [open/src/hotspot/share/prims/jni.cpp, line 599]
Event: 12116.403 Thread 0x00007f53b8b71000 Exception <a 'sun/nio/fs/UnixException'{0x00000000dc007c28}> (0x00000000dc007c28) 
thrown [open/src/hotspot/share/prims/jni.cpp, line 599]
Event: 12116.403 Thread 0x00007f53b8b71000 Exception <a 'sun/nio/fs/UnixException'{0x00000000dc008e98}> (0x00000000dc008e98) 
thrown [open/src/hotspot/share/prims/jni.cpp, line 599]
Event: 12116.403 Thread 0x00007f53b8b71000 Exception <a 'sun/nio/fs/UnixException'{0x00000000dc009a90}> (0x00000000dc009a90) 
thrown [open/src/hotspot/share/prims/jni.cpp, line 599]
Event: 12116.404 Thread 0x00007f53b8b71000 Exception <a 'sun/nio/fs/UnixException'{0x00000000dc00f8b8}> (0x00000000dc00f8b8) 
thrown [open/src/hotspot/share/prims/jni.cpp, line 599]
Event: 12116.640 Thread 0x00007f53b8b71000 Exception <a 'sun/nio/fs/UnixException'{0x00000000d9e47120}> (0x00000000d9e47120) 
thrown [open/src/hotspot/share/prims/jni.cpp, line 599]
Event: 12116.641 Thread 0x00007f53b8b71000 Exception <a 'sun/nio/fs/UnixException'{0x00000000d9e47d10}> (0x00000000d9e47d10) 
thrown [open/src/hotspot/share/prims/jni.cpp, line 599]
Event: 12116.647 Thread 0x00007f53b89d9000 Exception <a 'sun/nio/fs/UnixException'{0x00000000dc450cc0}> (0x00000000dc450cc0) 
thrown [open/src/hotspot/share/prims/jni.cpp, line 599]
Event: 12116.647 Thread 0x00007f53b89d9000 Exception <a 'sun/nio/fs/UnixException'{0x00000000dc4519b8}> (0x00000000dc4519b8) 
thrown [open/src/hotspot/share/prims/jni.cpp, line 599]
Event: 12116.648 Thread 0x00007f53b8446800 Exception <a 'sun/nio/fs/UnixException'{0x00000000dc73b130}> (0x00000000dc73b130) 
thrown [open/src/hotspot/share/prims/jni.cpp, line 599]
Event: 12116.648 Thread 0x00007f53b8446800 Exception <a 'sun/nio/fs/UnixException'{0x00000000dc73b910}> (0x00000000dc73b910) 
thrown [open/src/hotspot/share/prims/jni.cpp, line 599]
Event: 12116.648 Thread 0x00007f53b8446800 Exception <a 'sun/nio/fs/UnixException'{0x00000000dc73c738}> (0x00000000dc73c738) 
thrown [open/src/hotspot/share/prims/jni.cpp, line 599]
Event: 12120.287 Thread 0x00007f53b802a000 Exception <a 'sun/nio/fs/UnixException'{0x00000000d9d3fca8}> (0x00000000d9d3fca8) 
thrown [open/src/hotspot/share/prims/jni.cpp, line 599]

Events (20 events):
Event: 12120.313 Protecting memory [0x00007f52a5ada000,0x00007f52a5ade000] with protection modes 0
Event: 12120.314 Thread 0x00007f53b8a42000 Thread added: 0x00007f53b8a42000
Event: 12120.314 Protecting memory [0x00007f52a7ff6000,0x00007f52a7ffa000] with protection modes 0
Event: 12120.314 Thread 0x00007f53b8f23800 Thread added: 0x00007f53b8f23800
Event: 12120.314 Protecting memory [0x00007f52cc64f000,0x00007f52cc653000] with protection modes 0
Event: 12120.314 Executing VM operation: HandshakeOneThread
Event: 12120.314 Executing VM operation: HandshakeOneThread done
Event: 12120.314 Executing VM operation: HandshakeOneThread
Event: 12120.314 Executing VM operation: HandshakeOneThread done
Event: 12120.314 Executing VM operation: HandshakeOneThread
Event: 12120.314 Executing VM operation: HandshakeOneThread done
Event: 12120.315 Thread 0x00007f53b8fec800 Thread added: 0x00007f53b8fec800
Event: 12120.315 Protecting memory [0x00007f53031fd000,0x00007f5303201000] with protection modes 0
Event: 12120.316 Executing VM operation: HandshakeOneThread
Event: 12120.316 Executing VM operation: HandshakeOneThread done
Event: 12120.316 Executing VM operation: HandshakeOneThread
Event: 12120.316 Executing VM operation: HandshakeOneThread done
Event: 12120.319 Thread 0x00007f53b8f29000 Thread added: 0x00007f53b8f29000
Event: 12120.319 Protecting memory [0x00007f52a83f7000,0x00007f52a83fb000] with protection modes 0
Event: 12120.319 Executing VM operation: G1CollectForAllocation


Dynamic libraries:
c0000000-ffe00000 rw-p 00000000 00:00 0 
ffe00000-ffe52000 rw-p 00bbe000 fd:00 2625624                            /usr/java/jdk-14.0.1/lib/server/classes.jsa
ffe52000-fff00000 rw-p 00000000 00:00 0 
fff00000-fff7f000 rw-p 00b3f000 fd:00 2625624                            /usr/java/jdk-14.0.1/lib/server/classes.jsa
fff7f000-100000000 rw-p 00000000 00:00 0 
800000000-800003000 rwxp 00001000 fd:00 2625624                          /usr/java/jdk-14.0.1/lib/server/classes.jsa
800003000-8003e4000 rw-p 00004000 fd:00 2625624                          /usr/java/jdk-14.0.1/lib/server/classes.jsa
8003e4000-800b10000 r--p 003e5000 fd:00 2625624                          /usr/java/jdk-14.0.1/lib/server/classes.jsa
800b10000-800b11000 rw-p 00b11000 fd:00 2625624                          /usr/java/jdk-14.0.1/lib/server/classes.jsa
800b11000-802659000 rw-p 00000000 00:00 0 
802659000-840b11000 ---p 00000000 00:00 0 
564cff2ac000-564cff2ad000 r-xp 00000000 fd:00 1591750                    /usr/java/jdk-14.0.1/bin/java
564cff2ae000-564cff2af000 r--p 00001000 fd:00 1591750                    /usr/java/jdk-14.0.1/bin/java
564cff2af000-564cff2b0000 rw-p 00002000 fd:00 1591750                    /usr/java/jdk-14.0.1/bin/java
564cff785000-564cffd1f000 rw-p 00000000 00:00 0                          [heap]
7f5280000000-7f5280621000 rw-p 00000000 00:00 0 
7f5280621000-7f5284000000 ---p 00000000 00:00 0 
7f5284000000-7f5284e9b000 rw-p 00000000 00:00 0 
7f5284e9b000-7f5288000000 ---p 00000000 00:00 0 
7f5288000000-7f5288081000 rw-p 00000000 00:00 0 
7f5288081000-7f528c000000 ---p 00000000 00:00 0 
7f528c000000-7f528c223000 rw-p 00000000 00:00 0 
7f528c223000-7f5290000000 ---p 00000000 00:00 0 
7f5290000000-7f5290641000 rw-p 00000000 00:00 0 
7f5290641000-7f5294000000 ---p 00000000 00:00 0 
7f5294000000-7f5294107000 rw-p 00000000 00:00 0 
7f5294107000-7f5298000000 ---p 00000000 00:00 0 
7f5298000000-7f529881b000 rw-p 00000000 00:00 0 
7f529881b000-7f529c000000 ---p 00000000 00:00 0 
7f529c000000-7f529c14a000 rw-p 00000000 00:00 0 
7f529c14a000-7f52a0000000 ---p 00000000 00:00 0 
7f52a0000000-7f52a11d3000 rw-p 00000000 00:00 0 
7f52a11d3000-7f52a4000000 ---p 00000000 00:00 0 
7f52a54d9000-7f52a56d9000 rw-p 00000000 00:00 0 
7f52a56d9000-7f52a56dd000 ---p 00000000 00:00 0 
7f52a56dd000-7f52a5ada000 rw-p 00000000 00:00 0 
7f52a5ada000-7f52a5ade000 ---p 00000000 00:00 0 
7f52a5ade000-7f52a5edb000 rw-p 00000000 00:00 0 
7f52a5edb000-7f52a5edf000 ---p 00000000 00:00 0 
7f52a5edf000-7f52a62dc000 rw-p 00000000 00:00 0 
7f52a62dc000-7f52a62e0000 ---p 00000000 00:00 0 
7f52a62e0000-7f52a66dd000 rw-p 00000000 00:00 0 
7f52a66dd000-7f52a66e1000 ---p 00000000 00:00 0 
7f52a66e1000-7f52a6ade000 rw-p 00000000 00:00 0 
7f52a6bf2000-7f52a6df2000 rw-p 00000000 00:00 0 
7f52a6df2000-7f52a6ff2000 rw-p 00000000 00:00 0 
7f52a6ff2000-7f52a6ff6000 ---p 00000000 00:00 0 
7f52a6ff6000-7f52a73f3000 rw-p 00000000 00:00 0 
7f52a77f4000-7f52a77f8000 ---p 00000000 00:00 0 
7f52a77f8000-7f52a7bf5000 rw-p 00000000 00:00 0 
7f52a7bf5000-7f52a7bf9000 ---p 00000000 00:00 0 
7f52a7bf9000-7f52a7ff6000 rw-p 00000000 00:00 0 
7f52a7ff6000-7f52a7ffa000 ---p 00000000 00:00 0 
7f52a7ffa000-7f52a83f7000 rw-p 00000000 00:00 0 
7f52a83f7000-7f52a83fb000 ---p 00000000 00:00 0 
7f52a83fb000-7f52a87f8000 rw-p 00000000 00:00 0 
7f52a87f8000-7f52a87fc000 ---p 00000000 00:00 0 
7f52a87fc000-7f52a8df9000 rw-p 00000000 00:00 0 
7f52a8df9000-7f52a8ff9000 rw-p 00000000 00:00 0 
7f52a8ff9000-7f52a91f9000 rw-p 00000000 00:00 0 
7f52a91f9000-7f52a91fd000 ---p 00000000 00:00 0 
7f52a91fd000-7f52a95fa000 rw-p 00000000 00:00 0 
7f52a95fa000-7f52a97fa000 rw-p 00000000 00:00 0 
7f52a97fa000-7f52a97fe000 ---p 00000000 00:00 0 
7f52a97fe000-7f52a9bfb000 rw-p 00000000 00:00 0 
7f52a9bfb000-7f52a9dfb000 rw-p 00000000 00:00 0 
7f52a9dfb000-7f52a9ffb000 rw-p 00000000 00:00 0 
7f52a9ffb000-7f52a9fff000 ---p 00000000 00:00 0 
7f52a9fff000-7f52aa5fc000 rw-p 00000000 00:00 0 
7f52aa5fc000-7f52aa7fc000 rw-p 00000000 00:00 0 
7f52aa7fc000-7f52aa9fc000 rw-p 00000000 00:00 0 
7f52aa9fc000-7f52aabfc000 rw-p 00000000 00:00 0 
7f52aabfc000-7f52aadfc000 rw-p 00000000 00:00 0 
7f52aadfc000-7f52aaffc000 rw-p 00000000 00:00 0 
7f52aaffc000-7f52ab000000 ---p 00000000 00:00 0 
7f52ab000000-7f52ab3fd000 rw-p 00000000 00:00 0 
7f52ab3fd000-7f52ab401000 ---p 00000000 00:00 0 
7f52ab401000-7f52ab7fe000 rw-p 00000000 00:00 0 
7f52ab7fe000-7f52ab802000 ---p 00000000 00:00 0 
7f52ab802000-7f52abbff000 rw-p 00000000 00:00 0 
7f52abbff000-7f52abc03000 ---p 00000000 00:00 0 
7f52abc03000-7f52ac000000 rw-p 00000000 00:00 0 
7f52ac000000-7f52ac054000 rw-p 00000000 00:00 0 
7f52ac054000-7f52b0000000 ---p 00000000 00:00 0 
7f52b0145000-7f52b0345000 rw-p 00000000 00:00 0 
7f52b0347000-7f52b0547000 rw-p 00000000 00:00 0 
7f52b0547000-7f52b0747000 rw-p 00000000 00:00 0 
7f52b0747000-7f52b0947000 rw-p 00000000 00:00 0 
7f52b0947000-7f52b0b47000 rw-p 00000000 00:00 0 
7f52b0b47000-7f52b0b4b000 ---p 00000000 00:00 0 
7f52b0b4b000-7f52b0f48000 rw-p 00000000 00:00 0 
7f52b0f48000-7f52b0f4c000 ---p 00000000 00:00 0 
7f52b0f4c000-7f52b1349000 rw-p 00000000 00:00 0 
7f52b1349000-7f52b134d000 ---p 00000000 00:00 0 
7f52b134d000-7f52b174a000 rw-p 00000000 00:00 0 
7f52b174a000-7f52b174e000 ---p 00000000 00:00 0 
7f52b174e000-7f52b1d4b000 rw-p 00000000 00:00 0 
7f52b1d4b000-7f52b1d4f000 ---p 00000000 00:00 0 
7f52b1d4f000-7f52b214c000 rw-p 00000000 00:00 0 
7f52b214c000-7f52b2150000 ---p 00000000 00:00 0 
7f52b2150000-7f52b254d000 rw-p 00000000 00:00 0 
7f52b254d000-7f52b2551000 ---p 00000000 00:00 0 
7f52b2551000-7f52b294e000 rw-p 00000000 00:00 0 
7f52b294e000-7f52b2952000 ---p 00000000 00:00 0 
7f52b2952000-7f52b2d4f000 rw-p 00000000 00:00 0 
7f52b2eae000-7f52b30ae000 rw-p 00000000 00:00 0 
7f52b30ae000-7f52b32ae000 rw-p 00000000 00:00 0 
7f52b32ae000-7f52b34ae000 rw-p 00000000 00:00 0 
7f52b3600000-7f52b3800000 rw-p 00000000 00:00 0 
7f52b3800000-7f52b3a00000 rw-p 00000000 00:00 0 
7f52b3a00000-7f52b3c00000 rw-p 00000000 00:00 0 
7f52b3c00000-7f52b3e00000 rw-p 00000000 00:00 0 
7f52b3e00000-7f52b4000000 rw-p 00000000 00:00 0 
7f52b4000000-7f52b43f5000 rw-p 00000000 00:00 0 
7f52b43f5000-7f52b8000000 ---p 00000000 00:00 0 
7f52b8000000-7f52b8826000 rw-p 00000000 00:00 0 
7f52b8826000-7f52bc000000 ---p 00000000 00:00 0 
7f52bc000000-7f52bc5eb000 rw-p 00000000 00:00 0 
7f52bc5eb000-7f52c0000000 ---p 00000000 00:00 0 
7f52c0000000-7f52c03c1000 rw-p 00000000 00:00 0 
7f52c03c1000-7f52c4000000 ---p 00000000 00:00 0 
7f52c4000000-7f52c485c000 rw-p 00000000 00:00 0 
7f52c485c000-7f52c8000000 ---p 00000000 00:00 0 
7f52c8000000-7f52c82a4000 rw-p 00000000 00:00 0 
7f52c82a4000-7f52cc000000 ---p 00000000 00:00 0 
7f52cc16f000-7f52cc36f000 rw-p 00000000 00:00 0 
7f52cc36f000-7f52cc56f000 rw-p 00000000 00:00 0 
7f52cc64f000-7f52cc653000 ---p 00000000 00:00 0 
7f52cc653000-7f52ccc50000 rw-p 00000000 00:00 0 
7f52ccc50000-7f52cce50000 rw-p 00000000 00:00 0 
7f52cce50000-7f52cd050000 rw-p 00000000 00:00 0 
7f52cd1f7000-7f52cd3f7000 rw-p 00000000 00:00 0 
7f52cd3f8000-7f52cd5f8000 rw-p 00000000 00:00 0 
7f52cd5f8000-7f52cd5fc000 ---p 00000000 00:00 0 
7f52cd5fc000-7f52cd9f9000 rw-p 00000000 00:00 0 
7f52cd9f9000-7f52cdbf9000 rw-p 00000000 00:00 0 
7f52cdbf9000-7f52cdbfd000 ---p 00000000 00:00 0 
7f52cdbfd000-7f52cdffa000 rw-p 00000000 00:00 0 
7f52cdffa000-7f52ce1fa000 rw-p 00000000 00:00 0 
7f52ce1fa000-7f52ce3fa000 rw-p 00000000 00:00 0 
7f52ce3fa000-7f52ce5fa000 rw-p 00000000 00:00 0 
7f52ce5fa000-7f52ce5fe000 ---p 00000000 00:00 0 
7f52ce5fe000-7f52ce9fb000 rw-p 00000000 00:00 0 
7f52ce9fb000-7f52ce9ff000 ---p 00000000 00:00 0 
7f52ce9ff000-7f52cedfc000 rw-p 00000000 00:00 0 
7f52cedfc000-7f52cee00000 ---p 00000000 00:00 0 
7f52cee00000-7f52cf3fd000 rw-p 00000000 00:00 0 
7f52cf3fd000-7f52cf401000 ---p 00000000 00:00 0 
7f52cf401000-7f52cf7fe000 rw-p 00000000 00:00 0 
7f52cf7fe000-7f52cf802000 ---p 00000000 00:00 0 
7f52cf802000-7f52cfbff000 rw-p 00000000 00:00 0 
7f52cfbff000-7f52cfc03000 ---p 00000000 00:00 0 
7f52cfc03000-7f52d0000000 rw-p 00000000 00:00 0 
7f52d0000000-7f52d02ce000 rw-p 00000000 00:00 0 
7f52d02ce000-7f52d4000000 ---p 00000000 00:00 0 
7f52d4000000-7f52d4252000 rw-p 00000000 00:00 0 
7f52d4252000-7f52d8000000 ---p 00000000 00:00 0 
7f52d8000000-7f52d8272000 rw-p 00000000 00:00 0 
7f52d8272000-7f52dc000000 ---p 00000000 00:00 0 
7f52dc000000-7f52dc0b1000 rw-p 00000000 00:00 0 
7f52dc0b1000-7f52e0000000 ---p 00000000 00:00 0 
7f52e0000000-7f52e04ea000 rw-p 00000000 00:00 0 
7f52e04ea000-7f52e4000000 ---p 00000000 00:00 0 
7f52e4000000-7f52e4241000 rw-p 00000000 00:00 0 
7f52e4241000-7f52e8000000 ---p 00000000 00:00 0 
7f52e8000000-7f52e83ec000 rw-p 00000000 00:00 0 
7f52e83ec000-7f52ec000000 ---p 00000000 00:00 0 
7f52ec000000-7f52ec27e000 rw-p 00000000 00:00 0 
7f52ec27e000-7f52f0000000 ---p 00000000 00:00 0 
7f52f0000000-7f52f02e0000 rw-p 00000000 00:00 0 
7f52f02e0000-7f52f4000000 ---p 00000000 00:00 0 
7f52f4000000-7f52f469f000 rw-p 00000000 00:00 0 
7f52f469f000-7f52f8000000 ---p 00000000 00:00 0 
7f52f8000000-7f52f90f1000 rw-p 00000000 00:00 0 
7f52f90f1000-7f52fc000000 ---p 00000000 00:00 0 
7f52fc000000-7f52fc27b000 rw-p 00000000 00:00 0 
7f52fc27b000-7f5300000000 ---p 00000000 00:00 0 
7f53001f2000-7f53003f2000 rw-p 00000000 00:00 0 
7f53003f2000-7f53003f6000 ---p 00000000 00:00 0 
7f53003f6000-7f53007f3000 rw-p 00000000 00:00 0 
7f53007f3000-7f53007f7000 ---p 00000000 00:00 0 
7f53007f7000-7f5300bf4000 rw-p 00000000 00:00 0 
7f5300bf4000-7f5300bf8000 ---p 00000000 00:00 0 
7f5300bf8000-7f5300ff5000 rw-p 00000000 00:00 0 
7f5300ff5000-7f5300ff9000 ---p 00000000 00:00 0 
7f5300ff9000-7f53013f6000 rw-p 00000000 00:00 0 
7f53013f6000-7f53013fa000 ---p 00000000 00:00 0 
7f53013fa000-7f53019f7000 rw-p 00000000 00:00 0 
7f53019f8000-7f5301bf8000 rw-p 00000000 00:00 0 
7f5301bf8000-7f5301df8000 rw-p 00000000 00:00 0 
7f5301df8000-7f5301dfc000 ---p 00000000 00:00 0 
7f5301dfc000-7f53021f9000 rw-p 00000000 00:00 0 
7f53021f9000-7f53021fd000 ---p 00000000 00:00 0 
7f53021fd000-7f53025fa000 rw-p 00000000 00:00 0 
7f53025fa000-7f53025fe000 ---p 00000000 00:00 0 
7f53025fe000-7f53029fb000 rw-p 00000000 00:00 0 
7f5302ffd000-7f530303d000 rw-p 00000000 00:00 0 
7f530303d000-7f53031fd000 ---p 00000000 00:00 0 
7f53031fd000-7f5303201000 ---p 00000000 00:00 0 
7f5303201000-7f53037fe000 rw-p 00000000 00:00 0 
7f53037fe000-7f53037ff000 r-xp 00000000 fd:02 7083408                    /home/roderick/.sbt/1.0/swoval-jni/8402761352967904295-libswoval-files0.so
7f53037ff000-7f53039fe000 ---p 00001000 fd:02 7083408                    /home/roderick/.sbt/1.0/swoval-jni/8402761352967904295-libswoval-files0.so
7f53039fe000-7f53039ff000 r--p 00000000 fd:02 7083408                    /home/roderick/.sbt/1.0/swoval-jni/8402761352967904295-libswoval-files0.so
7f53039ff000-7f5303a00000 rw-p 00001000 fd:02 7083408                    /home/roderick/.sbt/1.0/swoval-jni/8402761352967904295-libswoval-files0.so
7f5303a00000-7f5303c00000 rw-p 00000000 00:00 0 
7f5303c00000-7f5303e00000 rw-p 00000000 00:00 0 
7f5303e00000-7f5304000000 rw-p 00000000 00:00 0 
7f5304000000-7f530408e000 rw-p 00000000 00:00 0 
7f530408e000-7f5308000000 ---p 00000000 00:00 0 
7f5308000000-7f5308279000 rw-p 00000000 00:00 0 
7f5308279000-7f530c000000 ---p 00000000 00:00 0 
7f530c000000-7f530c2e9000 rw-p 00000000 00:00 0 
7f530c2e9000-7f5310000000 ---p 00000000 00:00 0 
7f5310000000-7f531029b000 rw-p 00000000 00:00 0 
7f531029b000-7f5314000000 ---p 00000000 00:00 0 
7f5314000000-7f53143a0000 rw-p 00000000 00:00 0 
7f53143a0000-7f5318000000 ---p 00000000 00:00 0 
7f5318000000-7f5318304000 rw-p 00000000 00:00 0 
7f5318304000-7f531c000000 ---p 00000000 00:00 0 
7f531c000000-7f531c7cb000 rw-p 00000000 00:00 0 
7f531c7cb000-7f5320000000 ---p 00000000 00:00 0 
7f5320000000-7f53205f8000 rw-p 00000000 00:00 0 
7f53205f8000-7f5324000000 ---p 00000000 00:00 0 
7f5324000000-7f5324074000 rw-p 00000000 00:00 0 
7f5324074000-7f5328000000 ---p 00000000 00:00 0 
7f5328000000-7f532803b000 rw-p 00000000 00:00 0 
7f532803b000-7f532c000000 ---p 00000000 00:00 0 
7f532c000000-7f532c03e000 rw-p 00000000 00:00 0 
7f532c03e000-7f5330000000 ---p 00000000 00:00 0 
7f5330000000-7f533075f000 rw-p 00000000 00:00 0 
7f533075f000-7f5334000000 ---p 00000000 00:00 0 
7f5334000000-7f533402f000 rw-p 00000000 00:00 0 
7f533402f000-7f5338000000 ---p 00000000 00:00 0 
7f5338162000-7f5338362000 rw-p 00000000 00:00 0 
7f5338362000-7f5338562000 rw-p 00000000 00:00 0 
7f5338562000-7f5338762000 rw-p 00000000 00:00 0 
7f5338762000-7f5338962000 rw-p 00000000 00:00 0 
7f5338ad4000-7f5338cd4000 rw-p 00000000 00:00 0 
7f5338cd4000-7f5338ed4000 rw-p 00000000 00:00 0 
7f5338ed4000-7f5338ed8000 ---p 00000000 00:00 0 
7f5338ed8000-7f53394d5000 rw-p 00000000 00:00 0 
7f53394d5000-7f53394d9000 ---p 00000000 00:00 0 
7f53394d9000-7f5339ac9000 rw-p 00000000 00:00 0 
7f5339ac9000-7f5339ad6000 ---p 00000000 00:00 0 
7f5339ad6000-7f5339cd6000 rw-p 00000000 00:00 0 
7f5339cd6000-7f5339ed6000 rw-p 00000000 00:00 0 
7f5339ed6000-7f5339eda000 ---p 00000000 00:00 0 
7f5339eda000-7f533a4d7000 rw-p 00000000 00:00 0 
7f533a4d7000-7f533a6d7000 rw-p 00000000 00:00 0 
7f533a6d7000-7f533a6db000 ---p 00000000 00:00 0 
7f533a6db000-7f533aad8000 rw-p 00000000 00:00 0 
7f533aad8000-7f533aad9000 ---p 00000000 00:00 0 
7f533aad9000-7f533adda000 rw-p 00000000 00:00 0 
7f533adda000-7f533adf2000 r-xp 00000000 fd:02 8526924                    /home/roderick/.cache/JNA/temp/jna4882172866901402803.tmp (deleted)
7f533adf2000-7f533aff2000 ---p 00018000 fd:02 8526924                    /home/roderick/.cache/JNA/temp/jna4882172866901402803.tmp (deleted)
7f533aff2000-7f533aff3000 rw-p 00018000 fd:02 8526924                    /home/roderick/.cache/JNA/temp/jna4882172866901402803.tmp (deleted)
7f533aff3000-7f533b1f3000 rw-p 00000000 00:00 0 
7f533b1f3000-7f533b1f4000 ---p 00000000 00:00 0 
7f533b1f4000-7f533b2f5000 rw-p 00000000 00:00 0 
7f533b2f5000-7f533b2f6000 ---p 00000000 00:00 0 
7f533b2f6000-7f533b3f7000 rw-p 00000000 00:00 0 
7f533b3f7000-7f533b3f8000 ---p 00000000 00:00 0 
7f533b3f8000-7f533b4f9000 rw-p 00000000 00:00 0 
7f533b4f9000-7f533b4fa000 ---p 00000000 00:00 0 
7f533b4fa000-7f533b5fb000 rw-p 00000000 00:00 0 
7f533b5fb000-7f533b5fc000 ---p 00000000 00:00 0 
7f533b5fc000-7f533b6fd000 rw-p 00000000 00:00 0 
7f533b6fd000-7f533b6fe000 ---p 00000000 00:00 0 
7f533b6fe000-7f533b9ff000 rw-p 00000000 00:00 0 
7f533b9ff000-7f533bbff000 rw-p 00000000 00:00 0 
7f533bbff000-7f533bc03000 ---p 00000000 00:00 0 
7f533bc03000-7f533c000000 rw-p 00000000 00:00 0 
7f533c000000-7f533cba1000 rw-p 00000000 00:00 0 
7f533cba1000-7f5340000000 ---p 00000000 00:00 0 
7f5340000000-7f53404e6000 rw-p 00000000 00:00 0 
7f53404e6000-7f5344000000 ---p 00000000 00:00 0 
7f5344000000-7f5344166000 rw-p 00000000 00:00 0 
7f5344166000-7f5348000000 ---p 00000000 00:00 0 
7f5348000000-7f53487e4000 rw-p 00000000 00:00 0 
7f53487e4000-7f534c000000 ---p 00000000 00:00 0 
7f534c000000-7f534c079000 rw-p 00000000 00:00 0 
7f534c079000-7f5350000000 ---p 00000000 00:00 0 
7f5350000000-7f5350278000 rw-p 00000000 00:00 0 
7f5350278000-7f5354000000 ---p 00000000 00:00 0 
7f5354000000-7f5354274000 rw-p 00000000 00:00 0 
7f5354274000-7f5358000000 ---p 00000000 00:00 0 
7f5358000000-7f5358030000 rw-p 00000000 00:00 0 
7f5358030000-7f535c000000 ---p 00000000 00:00 0 
7f535c000000-7f535d4b4000 rw-p 00000000 00:00 0 
7f535d4b4000-7f5360000000 ---p 00000000 00:00 0 
7f5360000000-7f536017e000 rw-p 00000000 00:00 0 
7f536017e000-7f5364000000 ---p 00000000 00:00 0 
7f5364000000-7f5364055000 rw-p 00000000 00:00 0 
7f5364055000-7f5368000000 ---p 00000000 00:00 0 
7f5368000000-7f536a649000 rw-p 00000000 00:00 0 
7f536a649000-7f536c000000 ---p 00000000 00:00 0 
7f536c000000-7f536c6cc000 rw-p 00000000 00:00 0 
7f536c6cc000-7f5370000000 ---p 00000000 00:00 0 
7f5370011000-7f5370013000 r--p 00000000 fd:00 658746                     /usr/lib64/libpcre2-8.so.0.10.1
7f5370013000-7f537007e000 r-xp 00002000 fd:00 658746                     /usr/lib64/libpcre2-8.so.0.10.1
7f537007e000-7f53700a5000 r--p 0006d000 fd:00 658746                     /usr/lib64/libpcre2-8.so.0.10.1
7f53700a5000-7f53700a6000 ---p 00094000 fd:00 658746                     /usr/lib64/libpcre2-8.so.0.10.1
7f53700a6000-7f53700a7000 r--p 00094000 fd:00 658746                     /usr/lib64/libpcre2-8.so.0.10.1
7f53700a7000-7f53700a8000 rw-p 00095000 fd:00 658746                     /usr/lib64/libpcre2-8.so.0.10.1
7f53700a8000-7f53700ab000 r--p 00000000 fd:00 656010                     /usr/lib64/libgcc_s-11-20210531.so.1
7f53700ab000-7f53700bd000 r-xp 00003000 fd:00 656010                     /usr/lib64/libgcc_s-11-20210531.so.1
7f53700bd000-7f53700c0000 r--p 00015000 fd:00 656010                     /usr/lib64/libgcc_s-11-20210531.so.1
7f53700c0000-7f53700c1000 ---p 00018000 fd:00 656010                     /usr/lib64/libgcc_s-11-20210531.so.1
7f53700c1000-7f53700c2000 r--p 00018000 fd:00 656010                     /usr/lib64/libgcc_s-11-20210531.so.1
7f53700c2000-7f53700c3000 rw-p 00019000 fd:00 656010                     /usr/lib64/libgcc_s-11-20210531.so.1
7f53700c3000-7f53700c4000 ---p 00000000 00:00 0 
7f53700c4000-7f53703c5000 rw-p 00000000 00:00 0 
7f53703c5000-7f53703c9000 ---p 00000000 00:00 0 
7f53703c9000-7f53707c6000 rw-p 00000000 00:00 0 
7f5370bc7000-7f5370bcb000 ---p 00000000 00:00 0 
7f5370bcb000-7f5370fc8000 rw-p 00000000 00:00 0 
7f5370fc8000-7f5370fcc000 ---p 00000000 00:00 0 
7f5370fcc000-7f53713c9000 rw-p 00000000 00:00 0 
7f53713c9000-7f53713cd000 ---p 00000000 00:00 0 
7f53713cd000-7f53719ca000 rw-p 00000000 00:00 0 
7f53719ca000-7f53719ce000 ---p 00000000 00:00 0 
7f53719ce000-7f5371dcb000 rw-p 00000000 00:00 0 
7f5371dcb000-7f5371dcc000 ---p 00000000 00:00 0 
7f5371dcc000-7f5371ecd000 rw-p 00000000 00:00 0 
7f5371ecd000-7f5371ed1000 ---p 00000000 00:00 0 
7f5371ed1000-7f53722ce000 rw-p 00000000 00:00 0 
7f53722ce000-7f53722d2000 ---p 00000000 00:00 0 
7f53722d2000-7f53726cf000 rw-p 00000000 00:00 0 
7f53726cf000-7f53726d3000 ---p 00000000 00:00 0 
7f53726d3000-7f5372ad0000 rw-p 00000000 00:00 0 
7f5372ad0000-7f5380000000 r--p 00000000 fd:00 655737                     /usr/lib/locale/locale-archive
7f5380000000-7f538018d000 rw-p 00000000 00:00 0 
7f538018d000-7f5384000000 ---p 00000000 00:00 0 
7f5384000000-7f5384233000 rw-p 00000000 00:00 0 
7f5384233000-7f5388000000 ---p 00000000 00:00 0 
7f5388000000-7f5388748000 rw-p 00000000 00:00 0 
7f5388748000-7f538c000000 ---p 00000000 00:00 0 
7f538c000000-7f538dd61000 rw-p 00000000 00:00 0 
7f538dd61000-7f5390000000 ---p 00000000 00:00 0 
7f5390000000-7f53913ba000 rw-p 00000000 00:00 0 
7f53913ba000-7f5394000000 ---p 00000000 00:00 0 
7f539400a000-7f5394010000 r--p 00000000 fd:00 673155                     /usr/lib64/libselinux.so.1
7f5394010000-7f539402a000 r-xp 00006000 fd:00 673155                     /usr/lib64/libselinux.so.1
7f539402a000-7f5394031000 r--p 00020000 fd:00 673155                     /usr/lib64/libselinux.so.1
7f5394031000-7f5394032000 ---p 00027000 fd:00 673155                     /usr/lib64/libselinux.so.1
7f5394032000-7f5394033000 r--p 00027000 fd:00 673155                     /usr/lib64/libselinux.so.1
7f5394033000-7f5394034000 rw-p 00028000 fd:00 673155                     /usr/lib64/libselinux.so.1
7f5394034000-7f5394036000 rw-p 00000000 00:00 0 
7f5394036000-7f539403a000 r--p 00000000 fd:00 672162                     /usr/lib64/libnss_myhostname.so.2
7f539403a000-7f5394049000 r-xp 00004000 fd:00 672162                     /usr/lib64/libnss_myhostname.so.2
7f5394049000-7f5394052000 r--p 00013000 fd:00 672162                     /usr/lib64/libnss_myhostname.so.2
7f5394052000-7f5394053000 ---p 0001c000 fd:00 672162                     /usr/lib64/libnss_myhostname.so.2
7f5394053000-7f5394057000 r--p 0001c000 fd:00 672162                     /usr/lib64/libnss_myhostname.so.2
7f5394057000-7f5394058000 rw-p 00020000 fd:00 672162                     /usr/lib64/libnss_myhostname.so.2
7f5394058000-7f539405b000 r--p 00000000 fd:00 655712                     /usr/lib64/libnss_files-2.33.so
7f539405b000-7f5394062000 r-xp 00003000 fd:00 655712                     /usr/lib64/libnss_files-2.33.so
7f5394062000-7f5394064000 r--p 0000a000 fd:00 655712                     /usr/lib64/libnss_files-2.33.so
7f5394064000-7f5394065000 r--p 0000b000 fd:00 655712                     /usr/lib64/libnss_files-2.33.so
7f5394065000-7f539406c000 rw-p 00000000 00:00 0 
7f5394085000-7f53940c5000 r-xp 00000000 fd:00 2625612                    /usr/java/jdk-14.0.1/lib/libsunec.so
7f53940c5000-7f53940c6000 ---p 00040000 fd:00 2625612                    /usr/java/jdk-14.0.1/lib/libsunec.so
7f53940c6000-7f53940cb000 r--p 00040000 fd:00 2625612                    /usr/java/jdk-14.0.1/lib/libsunec.so
7f53940cb000-7f53940cd000 rw-p 00045000 fd:00 2625612                    /usr/java/jdk-14.0.1/lib/libsunec.so
7f53940cd000-7f53940d1000 ---p 00000000 00:00 0 
7f53940d1000-7f53940ef000 rw-p 00000000 00:00 0 
7f53940ef000-7f53940f3000 ---p 00000000 00:00 0 
7f53940f3000-7f53941f0000 rw-p 00000000 00:00 0 
7f53941f0000-7f53941f4000 ---p 00000000 00:00 0 
7f53941f4000-7f53942f1000 rw-p 00000000 00:00 0 
7f53942f1000-7f53942f5000 ---p 00000000 00:00 0 
7f53942f5000-7f53946f2000 rw-p 00000000 00:00 0 
7f53946f2000-7f53946f6000 ---p 00000000 00:00 0 
7f53946f6000-7f5394af3000 rw-p 00000000 00:00 0 
7f5394af3000-7f5394af7000 ---p 00000000 00:00 0 
7f5394af7000-7f5394ef4000 rw-p 00000000 00:00 0 
7f5394ef4000-7f5394ef5000 ---p 00000000 00:00 0 
7f5394ef5000-7f53957f6000 rw-p 00000000 00:00 0 
7f53957f6000-7f53957f7000 ---p 00000000 00:00 0 
7f53957f7000-7f53958f8000 rw-p 00000000 00:00 0 
7f53958f8000-7f53958f9000 ---p 00000000 00:00 0 
7f53958f9000-7f5398000000 rw-p 00000000 00:00 0 
7f5398000000-7f5398269000 rw-p 00000000 00:00 0 
7f5398269000-7f539c000000 ---p 00000000 00:00 0 
7f539c000000-7f539c543000 rw-p 00000000 00:00 0 
7f539c543000-7f53a0000000 ---p 00000000 00:00 0 
7f53a0000000-7f53a01c9000 rw-p 00000000 00:00 0 
7f53a01c9000-7f53a4000000 ---p 00000000 00:00 0 
7f53a4007000-7f53a400c000 r-xp 00000000 fd:00 2625603                    /usr/java/jdk-14.0.1/lib/libmanagement_ext.so
7f53a400c000-7f53a400d000 r--p 00004000 fd:00 2625603                    /usr/java/jdk-14.0.1/lib/libmanagement_ext.so
7f53a400d000-7f53a400e000 rw-p 00005000 fd:00 2625603                    /usr/java/jdk-14.0.1/lib/libmanagement_ext.so
7f53a400e000-7f53a401b000 r-xp 00000000 fd:00 2625613                    /usr/java/jdk-14.0.1/lib/libverify.so
7f53a401b000-7f53a401d000 r--p 0000c000 fd:00 2625613                    /usr/java/jdk-14.0.1/lib/libverify.so
7f53a401d000-7f53a401e000 rw-p 0000e000 fd:00 2625613                    /usr/java/jdk-14.0.1/lib/libverify.so
7f53a401e000-7f53a42fc000 rw-p 00000000 00:00 0 
7f53a42fc000-7f53a42fd000 ---p 00000000 00:00 0 
7f53a42fd000-7f53a43fe000 rw-p 00000000 00:00 0 
7f53a43fe000-7f53a43ff000 ---p 00000000 00:00 0 
7f53a43ff000-7f53a4500000 rw-p 00000000 00:00 0 
7f53a4500000-7f53a4501000 ---p 00000000 00:00 0 
7f53a4501000-7f53a6802000 rw-p 00000000 00:00 0 
7f53a6802000-7f53a6e04000 rw-p 00000000 00:00 0 
7f53a6e04000-7f53ac234000 rwxp 00000000 00:00 0 
7f53ac234000-7f53aee04000 ---p 00000000 00:00 0 
7f53aee04000-7f53b772c000 r--s 00000000 fd:00 2625615                    /usr/java/jdk-14.0.1/lib/modules
7f53b772c000-7f53b8000000 r--s 00000000 fd:00 919751                     /var/lib/sss/mc/passwd
7f53b8000000-7f53bac1c000 rw-p 00000000 00:00 0 
7f53bac1c000-7f53bc000000 ---p 00000000 00:00 0 
7f53bc003000-7f53bc007000 r-xp 00000000 fd:00 2625601                    /usr/java/jdk-14.0.1/lib/libmanagement.so
7f53bc007000-7f53bc008000 r--p 00003000 fd:00 2625601                    /usr/java/jdk-14.0.1/lib/libmanagement.so
7f53bc008000-7f53bc009000 rw-p 00004000 fd:00 2625601                    /usr/java/jdk-14.0.1/lib/libmanagement.so
7f53bc009000-7f53bc00a000 r--p 00000000 00:00 0 
7f53bc00a000-7f53bc00b000 r--p 00000000 fd:00 2362828                    /usr/share/locale/en_GB/LC_MESSAGES/libc.mo
7f53bc00b000-7f53bc00d000 r-xp 00000000 fd:00 2625585                    /usr/java/jdk-14.0.1/lib/libextnet.so
7f53bc00d000-7f53bc00e000 r--p 00001000 fd:00 2625585                    /usr/java/jdk-14.0.1/lib/libextnet.so
7f53bc00e000-7f53bc00f000 rw-p 00002000 fd:00 2625585                    /usr/java/jdk-14.0.1/lib/libextnet.so
7f53bc00f000-7f53bc024000 r-xp 00000000 fd:00 2625605                    /usr/java/jdk-14.0.1/lib/libnet.so
7f53bc024000-7f53bc025000 r--p 00014000 fd:00 2625605                    /usr/java/jdk-14.0.1/lib/libnet.so
7f53bc025000-7f53bc026000 rw-p 00015000 fd:00 2625605                    /usr/java/jdk-14.0.1/lib/libnet.so
7f53bc026000-7f53bc037000 r-xp 00000000 fd:00 2625606                    /usr/java/jdk-14.0.1/lib/libnio.so
7f53bc037000-7f53bc038000 ---p 00011000 fd:00 2625606                    /usr/java/jdk-14.0.1/lib/libnio.so
7f53bc038000-7f53bc039000 r--p 00011000 fd:00 2625606                    /usr/java/jdk-14.0.1/lib/libnio.so
7f53bc039000-7f53bc03a000 rw-p 00012000 fd:00 2625606                    /usr/java/jdk-14.0.1/lib/libnio.so
7f53bc03a000-7f53bc76d000 rw-p 00000000 00:00 0 
7f53bc76d000-7f53bc7c4000 ---p 00000000 00:00 0 
7f53bc7c4000-7f53bc7cb000 r-xp 00000000 fd:00 2625614                    /usr/java/jdk-14.0.1/lib/libzip.so
7f53bc7cb000-7f53bc7cc000 r--p 00006000 fd:00 2625614                    /usr/java/jdk-14.0.1/lib/libzip.so
7f53bc7cc000-7f53bc7cd000 rw-p 00007000 fd:00 2625614                    /usr/java/jdk-14.0.1/lib/libzip.so
7f53bc7cd000-7f53bc7f1000 r-xp 00000000 fd:00 2625592                    /usr/java/jdk-14.0.1/lib/libjava.so
7f53bc7f1000-7f53bc7f2000 r--p 00023000 fd:00 2625592                    /usr/java/jdk-14.0.1/lib/libjava.so
7f53bc7f2000-7f53bc7f4000 rw-p 00024000 fd:00 2625592                    /usr/java/jdk-14.0.1/lib/libjava.so
7f53bc7f4000-7f53bc80f000 r-xp 00000000 fd:00 2625596                    /usr/java/jdk-14.0.1/lib/libjimage.so
7f53bc80f000-7f53bc811000 r--p 0001a000 fd:00 2625596                    /usr/java/jdk-14.0.1/lib/libjimage.so
7f53bc811000-7f53bc812000 rw-p 0001c000 fd:00 2625596                    /usr/java/jdk-14.0.1/lib/libjimage.so
7f53bc812000-7f53bc815000 r--p 00000000 fd:00 657078                     /usr/lib64/librt-2.33.so
7f53bc815000-7f53bc819000 r-xp 00003000 fd:00 657078                     /usr/lib64/librt-2.33.so
7f53bc819000-7f53bc81b000 r--p 00007000 fd:00 657078                     /usr/lib64/librt-2.33.so
7f53bc81b000-7f53bc81c000 r--p 00008000 fd:00 657078                     /usr/lib64/librt-2.33.so
7f53bc81c000-7f53bc81d000 rw-p 00009000 fd:00 657078                     /usr/lib64/librt-2.33.so
7f53bc81d000-7f53bc821000 ---p 00000000 00:00 0 
7f53bc821000-7f53bcc1e000 rw-p 00000000 00:00 0 
7f53bcc1e000-7f53bcc2d000 r--p 00000000 fd:00 657055                     /usr/lib64/libm-2.33.so
7f53bcc2d000-7f53bccc7000 r-xp 0000f000 fd:00 657055                     /usr/lib64/libm-2.33.so
7f53bccc7000-7f53bcd5f000 r--p 000a9000 fd:00 657055                     /usr/lib64/libm-2.33.so
7f53bcd5f000-7f53bcd60000 ---p 00141000 fd:00 657055                     /usr/lib64/libm-2.33.so
7f53bcd60000-7f53bcd61000 r--p 00141000 fd:00 657055                     /usr/lib64/libm-2.33.so
7f53bcd61000-7f53bcd62000 rw-p 00142000 fd:00 657055                     /usr/lib64/libm-2.33.so
7f53bcd62000-7f53bdd71000 r-xp 00000000 fd:00 2625626                    /usr/java/jdk-14.0.1/lib/server/libjvm.so
7f53bdd71000-7f53bdd72000 ---p 0100f000 fd:00 2625626                    /usr/java/jdk-14.0.1/lib/server/libjvm.so
7f53bdd72000-7f53bde16000 r--p 0100f000 fd:00 2625626                    /usr/java/jdk-14.0.1/lib/server/libjvm.so
7f53bde16000-7f53bde4e000 rw-p 010b3000 fd:00 2625626                    /usr/java/jdk-14.0.1/lib/server/libjvm.so
7f53bde4e000-7f53bded1000 rw-p 00000000 00:00 0 
7f53bded1000-7f53bdef7000 r--p 00000000 fd:00 655682                     /usr/lib64/libc-2.33.so
7f53bdef7000-7f53be044000 r-xp 00026000 fd:00 655682                     /usr/lib64/libc-2.33.so
7f53be044000-7f53be090000 r--p 00173000 fd:00 655682                     /usr/lib64/libc-2.33.so
7f53be090000-7f53be091000 ---p 001bf000 fd:00 655682                     /usr/lib64/libc-2.33.so
7f53be091000-7f53be094000 r--p 001bf000 fd:00 655682                     /usr/lib64/libc-2.33.so
7f53be094000-7f53be097000 rw-p 001c2000 fd:00 655682                     /usr/lib64/libc-2.33.so
7f53be097000-7f53be0a0000 rw-p 00000000 00:00 0 
7f53be0a0000-7f53be0a2000 r--p 00000000 fd:00 657051                     /usr/lib64/libdl-2.33.so
7f53be0a2000-7f53be0a4000 r-xp 00002000 fd:00 657051                     /usr/lib64/libdl-2.33.so
7f53be0a4000-7f53be0a5000 r--p 00004000 fd:00 657051                     /usr/lib64/libdl-2.33.so
7f53be0a5000-7f53be0a6000 r--p 00004000 fd:00 657051                     /usr/lib64/libdl-2.33.so
7f53be0a6000-7f53be0a7000 rw-p 00000000 00:00 0 
7f53be0a7000-7f53be0ae000 r--p 00000000 fd:00 657061                     /usr/lib64/libpthread-2.33.so
7f53be0ae000-7f53be0bd000 r-xp 00007000 fd:00 657061                     /usr/lib64/libpthread-2.33.so
7f53be0bd000-7f53be0c1000 r--p 00016000 fd:00 657061                     /usr/lib64/libpthread-2.33.so
7f53be0c1000-7f53be0c2000 ---p 0001a000 fd:00 657061                     /usr/lib64/libpthread-2.33.so
7f53be0c2000-7f53be0c3000 r--p 0001a000 fd:00 657061                     /usr/lib64/libpthread-2.33.so
7f53be0c3000-7f53be0c4000 rw-p 0001b000 fd:00 657061                     /usr/lib64/libpthread-2.33.so
7f53be0c4000-7f53be0c8000 rw-p 00000000 00:00 0 
7f53be0c8000-7f53be0d6000 r-xp 00000000 fd:00 2625597                    /usr/java/jdk-14.0.1/lib/libjli.so
7f53be0d6000-7f53be0d7000 ---p 0000e000 fd:00 2625597                    /usr/java/jdk-14.0.1/lib/libjli.so
7f53be0d7000-7f53be0d8000 r--p 0000e000 fd:00 2625597                    /usr/java/jdk-14.0.1/lib/libjli.so
7f53be0d8000-7f53be0d9000 rw-p 0000f000 fd:00 2625597                    /usr/java/jdk-14.0.1/lib/libjli.so
7f53be0d9000-7f53be0dc000 r--p 00000000 fd:00 655921                     /usr/lib64/libz.so.1.2.11
7f53be0dc000-7f53be0ea000 r-xp 00003000 fd:00 655921                     /usr/lib64/libz.so.1.2.11
7f53be0ea000-7f53be0f0000 r--p 00011000 fd:00 655921                     /usr/lib64/libz.so.1.2.11
7f53be0f0000-7f53be0f1000 ---p 00017000 fd:00 655921                     /usr/lib64/libz.so.1.2.11
7f53be0f1000-7f53be0f2000 r--p 00017000 fd:00 655921                     /usr/lib64/libz.so.1.2.11
7f53be0f2000-7f53be0f5000 rw-p 00000000 00:00 0 
7f53be0f5000-7f53be0f6000 rwxp 00000000 00:00 0 
7f53be0f6000-7f53be0fe000 rw-s 00000000 00:32 5255                       /tmp/hsperfdata_roderick/68333
7f53be0fe000-7f53be100000 r--p 00000000 fd:00 682253                     /usr/lib64/libnss_sss.so.2
7f53be100000-7f53be107000 r-xp 00002000 fd:00 682253                     /usr/lib64/libnss_sss.so.2
7f53be107000-7f53be109000 r--p 00009000 fd:00 682253                     /usr/lib64/libnss_sss.so.2
7f53be109000-7f53be10a000 r--p 0000a000 fd:00 682253                     /usr/lib64/libnss_sss.so.2
7f53be10a000-7f53be10b000 rw-p 0000b000 fd:00 682253                     /usr/lib64/libnss_sss.so.2
7f53be10b000-7f53be10c000 ---p 00000000 00:00 0 
7f53be10c000-7f53be10d000 r--p 00000000 00:00 0 
7f53be10d000-7f53be10e000 ---p 00000000 00:00 0 
7f53be10e000-7f53be10f000 r--p 00000000 fd:00 657041                     /usr/lib64/ld-2.33.so
7f53be10f000-7f53be134000 r-xp 00001000 fd:00 657041                     /usr/lib64/ld-2.33.so
7f53be134000-7f53be13e000 r--p 00026000 fd:00 657041                     /usr/lib64/ld-2.33.so
7f53be13e000-7f53be140000 r--p 0002f000 fd:00 657041                     /usr/lib64/ld-2.33.so
7f53be140000-7f53be142000 rw-p 00031000 fd:00 657041                     /usr/lib64/ld-2.33.so
7ffefff0d000-7ffefff2f000 rw-p 00000000 00:00 0                          [stack]
7ffefff6a000-7ffefff6e000 r--p 00000000 00:00 0                          [vvar]
7ffefff6e000-7ffefff70000 r-xp 00000000 00:00 0                          [vdso]
ffffffffff600000-ffffffffff601000 r-xp 00000000 00:00 0                  [vsyscall]


VM Arguments:
jvm_args: -Dfile.encoding=UTF-8 -Xms1024m -Xmx1024m -Xss4M -XX:ReservedCodeCacheSize=128m -Dscala.ext.dirs=/home/roderick/.sbt/0.13/java9-rt-ext-oracle_corporation_14_0_1 
java_command: /usr/share/sbt/bin/sbt-launch.jar
java_class_path (initial): /usr/share/sbt/bin/sbt-launch.jar
Launcher Type: SUN_STANDARD

[Global flags]
     intx CICompilerCount                          = 4                                         {product} {ergonomic}
     uint ConcGCThreads                            = 2                                         {product} {ergonomic}
     uint G1ConcRefinementThreads                  = 8                                         {product} {ergonomic}
   size_t G1HeapRegionSize                         = 1048576                                   {product} {ergonomic}
    uintx GCDrainStackTargetSize                   = 64                                        {product} {ergonomic}
   size_t InitialHeapSize                          = 1073741824                                {product} {command line}
   size_t MarkStackSize                            = 4194304                                   {product} {ergonomic}
   size_t MaxHeapSize                              = 1073741824                                {product} {command line}
   size_t MaxNewSize                               = 643825664                                 {product} {ergonomic}
   size_t MinHeapDeltaBytes                        = 1048576                                   {product} {ergonomic}
   size_t MinHeapSize                              = 1073741824                                {product} {command line}
    uintx NonProfiledCodeHeapSize                  = 0                                      {pd product} {ergonomic}
    uintx ProfiledCodeHeapSize                     = 0                                      {pd product} {ergonomic}
    uintx ReservedCodeCacheSize                    = 134217728                              {pd product} {command line}
   size_t SoftMaxHeapSize                          = 1073741824                             {manageable} {ergonomic}
     intx ThreadStackSize                          = 4096                                   {pd product} {command line}
     bool UseCompressedClassPointers               = true                                 {lp64_product} {ergonomic}
     bool UseCompressedOops                        = true                                 {lp64_product} {ergonomic}
     bool UseG1GC                                  = true                                      {product} {ergonomic}

Logging:
Log output configuration:
 #0: stdout all=warning uptime,level,tags
 #1: stderr all=off uptime,level,tags

Environment Variables:
PATH=/home/roderick/perl5/bin:/home/roderick/perl5/bin:/usr/local/bin:/usr/local/sbin:/usr/bin:/usr/sbin:/var/lib/snapd/snap/bin:/home/roderick/bin:/home/roderick/bin
USERNAME=roderick
SHELL=/usr/bin/zsh
DISPLAY=:0

Signal Handlers:
SIGSEGV: [libjvm.so+0xd315c0], sa_mask[0]=11111111011111111101111111111110, sa_flags=SA_RESTART|SA_SIGINFO
SIGBUS: [libjvm.so+0xd315c0], sa_mask[0]=11111111011111111101111111111110, sa_flags=SA_RESTART|SA_SIGINFO
SIGFPE: [libjvm.so+0xd315c0], sa_mask[0]=11111111011111111101111111111110, sa_flags=SA_RESTART|SA_SIGINFO
SIGPIPE: [libjvm.so+0xb1c1d0], sa_mask[0]=11111111011111111101111111111110, sa_flags=SA_RESTART|SA_SIGINFO
SIGXFSZ: [libjvm.so+0xb1c1d0], sa_mask[0]=11111111011111111101111111111110, sa_flags=SA_RESTART|SA_SIGINFO
SIGILL: [libjvm.so+0xd315c0], sa_mask[0]=11111111011111111101111111111110, sa_flags=SA_RESTART|SA_SIGINFO
SIGUSR2: [libjvm.so+0xb1c060], sa_mask[0]=00000000000000000000000000000000, sa_flags=SA_RESTART|SA_SIGINFO
SIGHUP: [libjvm.so+0xb1c7d0], sa_mask[0]=11111111011111111101111111111110, sa_flags=SA_RESTART|SA_SIGINFO
SIGINT: [libjvm.so+0xb1c7d0], sa_mask[0]=11111111011111111101111111111110, sa_flags=SA_RESTART|SA_SIGINFO
SIGTERM: [libjvm.so+0xb1c7d0], sa_mask[0]=11111111011111111101111111111110, sa_flags=SA_RESTART|SA_SIGINFO
SIGQUIT: [libjvm.so+0xb1c7d0], sa_mask[0]=11111111011111111101111111111110, sa_flags=SA_RESTART|SA_SIGINFO


---------------  S Y S T E M  ---------------

OS:Fedora release 34 (Thirty Four)
uname:Linux 5.12.15-300.fc34.x86_64 #1 SMP Wed Jul 7 19:46:50 UTC 2021 x86_64
OS uptime: 8 days 0:09 hours
libc:glibc 2.33 NPTL 2.33 
rlimit: STACK 8192k, CORE infinity, NPROC 30260, NOFILE 524288, AS infinity, DATA infinity, FSIZE infinity
load average:13.09 6.41 3.24

/proc/meminfo:
MemTotal:        7788596 kB
MemFree:          149684 kB
MemAvailable:     815488 kB
Buffers:           37728 kB
Cached:          1148856 kB
SwapCached:        30424 kB
Active:          1746480 kB
Inactive:        2593968 kB
Active(anon):    1347780 kB
Inactive(anon):  2155468 kB
Active(file):     398700 kB
Inactive(file):   438500 kB
Unevictable:       81480 kB
Mlocked:            5764 kB
SwapTotal:      15714296 kB
SwapFree:        5629888 kB
Dirty:              2876 kB
Writeback:             0 kB
AnonPages:       3209476 kB
Mapped:           342664 kB
Shmem:            344820 kB
KReclaimable:     107776 kB
Slab:             312948 kB
SReclaimable:     107776 kB
SUnreclaim:       205172 kB
KernelStack:       43360 kB
PageTables:       117940 kB
NFS_Unstable:          0 kB
Bounce:                0 kB
WritebackTmp:          0 kB
CommitLimit:    19608592 kB
Committed_AS:   38028304 kB
VmallocTotal:   34359738367 kB
VmallocUsed:      110064 kB
VmallocChunk:          0 kB
Percpu:             7072 kB
HardwareCorrupted:     0 kB
AnonHugePages:         0 kB
ShmemHugePages:        0 kB
ShmemPmdMapped:        0 kB
FileHugePages:         0 kB
FilePmdMapped:         0 kB
CmaTotal:              0 kB
CmaFree:               0 kB
HugePages_Total:       0
HugePages_Free:        0
HugePages_Rsvd:        0
HugePages_Surp:        0
Hugepagesize:       2048 kB
Hugetlb:               0 kB
DirectMap4k:      695132 kB
DirectMap2M:     7340032 kB
DirectMap1G:           0 kB


/proc/sys/kernel/threads-max (system-wide limit on the number of threads):
60520


/proc/sys/vm/max_map_count (maximum number of memory map areas a process may have):
65530


/proc/sys/kernel/pid_max (system-wide limit on number of process identifiers):
4194304



container (cgroup) information:
container_type: cgroupv1
cpu_cpuset_cpus: 0-7
cpu_memory_nodes: 0
active_processor_count: 8
cpu_quota: no quota
cpu_period: 100000
cpu_shares: no shares
memory_limit_in_bytes: unlimited
memory_and_swap_limit_in_bytes: unlimited
memory_soft_limit_in_bytes: unlimited
memory_usage_in_bytes: 4290232320
memory_max_usage_in_bytes: 5921148928

Steal ticks since vm start: 0
Steal ticks percentage since vm start:  0.000

CPU:total 8 (initial active 8) (4 cores per cpu, 2 threads per core) family 6 model 142 stepping 12, cmov, cx8, fxsr, mmx, sse, sse2, sse3, ssse3, sse4.1, sse4.2, popcnt, avx, avx2, aes, clmul, erms, 3dnowpref, lzcnt, ht, tsc, tscinvbit, bmi1, bmi2, adx, fma
CPU Model and flags from /proc/cpuinfo:
model name	: Intel(R) Core(TM) i5-8265U CPU @ 1.60GHz
flags		: fpu vme de pse tsc msr pae mce cx8 apic sep mtrr pge mca cmov pat pse36 clflush dts acpi mmx fxsr sse sse2 ss ht tm pbe syscall nx pdpe1gb rdtscp lm constant_tsc art arch_perfmon pebs bts rep_good nopl xtopology nonstop_tsc cpuid aperfmperf pni pclmulqdq dtes64 monitor ds_cpl vmx est tm2 ssse3 sdbg fma cx16 xtpr pdcm pcid sse4_1 sse4_2 x2apic movbe popcnt tsc_deadline_timer aes xsave avx f16c rdrand lahf_lm abm 3dnowprefetch cpuid_fault epb invpcid_single ssbd ibrs ibpb stibp ibrs_enhanced tpr_shadow vnmi flexpriority ept vpid ept_ad fsgsbase tsc_adjust bmi1 avx2 smep bmi2 erms invpcid mpx rdseed adx smap clflushopt intel_pt xsaveopt xsavec xgetbv1 xsaves dtherm ida arat pln pts hwp hwp_notify hwp_act_window hwp_epp md_clear flush_l1d arch_capabilities

Memory: 4k page, physical 7788596k(146912k free), swap 15714296k(5630400k free)

vm_info: Java HotSpot(TM) 64-Bit Server VM (14.0.1+7) for linux-amd64 JRE (14.0.1+7), built on Mar  5 2020 10:35:26 by "mach5one" with gcc 8.3.0

END.
